This is pdfTeX, Version 3.141592653-2.6-1.40.25 (MiKTeX 24.1) (preloaded format=pdflatex 2025.3.22)  27 APR 2026 08:25
entering extended mode
 restricted \write18 enabled.
 %&-line parsing enabled.
**./main.tex
(main.tex
LaTeX2e <2023-11-01> patch level 1
L3 programming layer <2024-01-04>
(all-in-one.cls
Document Class: all-in-one 29/03/2024 Version 2.7 by Mario Vilar
(C:\Users\Tenoch\AppData\Local\Programs\MiKTeX\tex/latex/etoolbox\etoolbox.sty
Package: etoolbox 2020/10/05 v2.5k e-TeX tools for LaTeX (JAW)
\etb@tempcnta=\count187
) (C:\Users\Tenoch\AppData\Local\Programs\MiKTeX\tex/latex/base\article.cls
Document Class: article 2023/05/17 v1.4n Standard LaTeX document class
(C:\Users\Tenoch\AppData\Local\Programs\MiKTeX\tex/latex/base\size12.clo
File: size12.clo 2023/05/17 v1.4n Standard LaTeX file (size option)
)
\c@part=\count188
\c@section=\count189
\c@subsection=\count190
\c@subsubsection=\count191
\c@paragraph=\count192
\c@subparagraph=\count193
\c@figure=\count194
\c@table=\count195
\abovecaptionskip=\skip48
\belowcaptionskip=\skip49
\bibindent=\dimen140
)
(C:\Users\Tenoch\AppData\Local\Programs\MiKTeX\tex/latex/pgfplots\pgfplots.sty
(C:\Users\Tenoch\AppData\Local\Programs\MiKTeX\tex/generic/pgfplots\pgfplots.re
vision.tex)
Package: pgfplots 2021/05/15 v1.18.1 Data Visualization (1.18.1)

(C:\Users\Tenoch\AppData\Local\Programs\MiKTeX\tex/latex/graphics\graphicx.sty
Package: graphicx 2021/09/16 v1.2d Enhanced LaTeX Graphics (DPC,SPQR)

(C:\Users\Tenoch\AppData\Local\Programs\MiKTeX\tex/latex/graphics\keyval.sty
Package: keyval 2022/05/29 v1.15 key=value parser (DPC)
\KV@toks@=\toks17
)
(C:\Users\Tenoch\AppData\Local\Programs\MiKTeX\tex/latex/graphics\graphics.sty
Package: graphics 2022/03/10 v1.4e Standard LaTeX Graphics (DPC,SPQR)

(C:\Users\Tenoch\AppData\Local\Programs\MiKTeX\tex/latex/graphics\trig.sty
Package: trig 2021/08/11 v1.11 sin cos tan (DPC)
)
(C:\Users\Tenoch\AppData\Local\Programs\MiKTeX\tex/latex/graphics-cfg\graphics.
cfg
File: graphics.cfg 2016/06/04 v1.11 sample graphics configuration
)
Package graphics Info: Driver file: pdftex.def on input line 107.

(C:\Users\Tenoch\AppData\Local\Programs\MiKTeX\tex/latex/graphics-def\pdftex.de
f
File: pdftex.def 2022/09/22 v1.2b Graphics/color driver for pdftex
))
\Gin@req@height=\dimen141
\Gin@req@width=\dimen142
)
(C:\Users\Tenoch\AppData\Local\Programs\MiKTeX\tex/latex/pgf/frontendlayer\tikz
.sty
(C:\Users\Tenoch\AppData\Local\Programs\MiKTeX\tex/latex/pgf/basiclayer\pgf.sty

(C:\Users\Tenoch\AppData\Local\Programs\MiKTeX\tex/latex/pgf/utilities\pgfrcs.s
ty
(C:\Users\Tenoch\AppData\Local\Programs\MiKTeX\tex/generic/pgf/utilities\pgfuti
l-common.tex
\pgfutil@everybye=\toks18
\pgfutil@tempdima=\dimen143
\pgfutil@tempdimb=\dimen144
)
(C:\Users\Tenoch\AppData\Local\Programs\MiKTeX\tex/generic/pgf/utilities\pgfuti
l-latex.def
\pgfutil@abb=\box51
)
(C:\Users\Tenoch\AppData\Local\Programs\MiKTeX\tex/generic/pgf/utilities\pgfrcs
.code.tex
(C:\Users\Tenoch\AppData\Local\Programs\MiKTeX\tex/generic/pgf\pgf.revision.tex
)
Package: pgfrcs 2023-01-15 v3.1.10 (3.1.10)
))
Package: pgf 2023-01-15 v3.1.10 (3.1.10)

(C:\Users\Tenoch\AppData\Local\Programs\MiKTeX\tex/latex/pgf/basiclayer\pgfcore
.sty
(C:\Users\Tenoch\AppData\Local\Programs\MiKTeX\tex/latex/pgf/systemlayer\pgfsys
.sty
(C:\Users\Tenoch\AppData\Local\Programs\MiKTeX\tex/generic/pgf/systemlayer\pgfs
ys.code.tex
Package: pgfsys 2023-01-15 v3.1.10 (3.1.10)

(C:\Users\Tenoch\AppData\Local\Programs\MiKTeX\tex/generic/pgf/utilities\pgfkey
s.code.tex
\pgfkeys@pathtoks=\toks19
\pgfkeys@temptoks=\toks20

(C:\Users\Tenoch\AppData\Local\Programs\MiKTeX\tex/generic/pgf/utilities\pgfkey
slibraryfiltered.code.tex
\pgfkeys@tmptoks=\toks21
))
\pgf@x=\dimen145
\pgf@y=\dimen146
\pgf@xa=\dimen147
\pgf@ya=\dimen148
\pgf@xb=\dimen149
\pgf@yb=\dimen150
\pgf@xc=\dimen151
\pgf@yc=\dimen152
\pgf@xd=\dimen153
\pgf@yd=\dimen154
\w@pgf@writea=\write3
\r@pgf@reada=\read2
\c@pgf@counta=\count196
\c@pgf@countb=\count197
\c@pgf@countc=\count198
\c@pgf@countd=\count199
\t@pgf@toka=\toks22
\t@pgf@tokb=\toks23
\t@pgf@tokc=\toks24
\pgf@sys@id@count=\count266

(C:\Users\Tenoch\AppData\Local\Programs\MiKTeX\tex/generic/pgf/systemlayer\pgf.
cfg
File: pgf.cfg 2023-01-15 v3.1.10 (3.1.10)
)
Driver file for pgf: pgfsys-pdftex.def

(C:\Users\Tenoch\AppData\Local\Programs\MiKTeX\tex/generic/pgf/systemlayer\pgfs
ys-pdftex.def
File: pgfsys-pdftex.def 2023-01-15 v3.1.10 (3.1.10)

(C:\Users\Tenoch\AppData\Local\Programs\MiKTeX\tex/generic/pgf/systemlayer\pgfs
ys-common-pdf.def
File: pgfsys-common-pdf.def 2023-01-15 v3.1.10 (3.1.10)
)))
(C:\Users\Tenoch\AppData\Local\Programs\MiKTeX\tex/generic/pgf/systemlayer\pgfs
yssoftpath.code.tex
File: pgfsyssoftpath.code.tex 2023-01-15 v3.1.10 (3.1.10)
\pgfsyssoftpath@smallbuffer@items=\count267
\pgfsyssoftpath@bigbuffer@items=\count268
)
(C:\Users\Tenoch\AppData\Local\Programs\MiKTeX\tex/generic/pgf/systemlayer\pgfs
ysprotocol.code.tex
File: pgfsysprotocol.code.tex 2023-01-15 v3.1.10 (3.1.10)
))
(C:\Users\Tenoch\AppData\Local\Programs\MiKTeX\tex/latex/xcolor\xcolor.sty
Package: xcolor 2023/11/15 v3.01 LaTeX color extensions (UK)

(C:\Users\Tenoch\AppData\Local\Programs\MiKTeX\tex/latex/graphics-cfg\color.cfg
File: color.cfg 2016/01/02 v1.6 sample color configuration
)
Package xcolor Info: Driver file: pdftex.def on input line 274.

(C:\Users\Tenoch\AppData\Local\Programs\MiKTeX\tex/latex/graphics\mathcolor.ltx
)
Package xcolor Info: Model `cmy' substituted by `cmy0' on input line 1350.
Package xcolor Info: Model `hsb' substituted by `rgb' on input line 1354.
Package xcolor Info: Model `RGB' extended on input line 1366.
Package xcolor Info: Model `HTML' substituted by `rgb' on input line 1368.
Package xcolor Info: Model `Hsb' substituted by `hsb' on input line 1369.
Package xcolor Info: Model `tHsb' substituted by `hsb' on input line 1370.
Package xcolor Info: Model `HSB' substituted by `hsb' on input line 1371.
Package xcolor Info: Model `Gray' substituted by `gray' on input line 1372.
Package xcolor Info: Model `wave' substituted by `hsb' on input line 1373.
)
(C:\Users\Tenoch\AppData\Local\Programs\MiKTeX\tex/generic/pgf/basiclayer\pgfco
re.code.tex
Package: pgfcore 2023-01-15 v3.1.10 (3.1.10)

(C:\Users\Tenoch\AppData\Local\Programs\MiKTeX\tex/generic/pgf/math\pgfmath.cod
e.tex
(C:\Users\Tenoch\AppData\Local\Programs\MiKTeX\tex/generic/pgf/math\pgfmathutil
.code.tex)
(C:\Users\Tenoch\AppData\Local\Programs\MiKTeX\tex/generic/pgf/math\pgfmathpars
er.code.tex
\pgfmath@dimen=\dimen155
\pgfmath@count=\count269
\pgfmath@box=\box52
\pgfmath@toks=\toks25
\pgfmath@stack@operand=\toks26
\pgfmath@stack@operation=\toks27
)
(C:\Users\Tenoch\AppData\Local\Programs\MiKTeX\tex/generic/pgf/math\pgfmathfunc
tions.code.tex)
(C:\Users\Tenoch\AppData\Local\Programs\MiKTeX\tex/generic/pgf/math\pgfmathfunc
tions.basic.code.tex)
(C:\Users\Tenoch\AppData\Local\Programs\MiKTeX\tex/generic/pgf/math\pgfmathfunc
tions.trigonometric.code.tex)
(C:\Users\Tenoch\AppData\Local\Programs\MiKTeX\tex/generic/pgf/math\pgfmathfunc
tions.random.code.tex)
(C:\Users\Tenoch\AppData\Local\Programs\MiKTeX\tex/generic/pgf/math\pgfmathfunc
tions.comparison.code.tex)
(C:\Users\Tenoch\AppData\Local\Programs\MiKTeX\tex/generic/pgf/math\pgfmathfunc
tions.base.code.tex)
(C:\Users\Tenoch\AppData\Local\Programs\MiKTeX\tex/generic/pgf/math\pgfmathfunc
tions.round.code.tex)
(C:\Users\Tenoch\AppData\Local\Programs\MiKTeX\tex/generic/pgf/math\pgfmathfunc
tions.misc.code.tex)
(C:\Users\Tenoch\AppData\Local\Programs\MiKTeX\tex/generic/pgf/math\pgfmathfunc
tions.integerarithmetics.code.tex)
(C:\Users\Tenoch\AppData\Local\Programs\MiKTeX\tex/generic/pgf/math\pgfmathcalc
.code.tex)
(C:\Users\Tenoch\AppData\Local\Programs\MiKTeX\tex/generic/pgf/math\pgfmathfloa
t.code.tex
\c@pgfmathroundto@lastzeros=\count270
))
(C:\Users\Tenoch\AppData\Local\Programs\MiKTeX\tex/generic/pgf/math\pgfint.code
.tex)
(C:\Users\Tenoch\AppData\Local\Programs\MiKTeX\tex/generic/pgf/basiclayer\pgfco
repoints.code.tex
File: pgfcorepoints.code.tex 2023-01-15 v3.1.10 (3.1.10)
\pgf@picminx=\dimen156
\pgf@picmaxx=\dimen157
\pgf@picminy=\dimen158
\pgf@picmaxy=\dimen159
\pgf@pathminx=\dimen160
\pgf@pathmaxx=\dimen161
\pgf@pathminy=\dimen162
\pgf@pathmaxy=\dimen163
\pgf@xx=\dimen164
\pgf@xy=\dimen165
\pgf@yx=\dimen166
\pgf@yy=\dimen167
\pgf@zx=\dimen168
\pgf@zy=\dimen169
)
(C:\Users\Tenoch\AppData\Local\Programs\MiKTeX\tex/generic/pgf/basiclayer\pgfco
repathconstruct.code.tex
File: pgfcorepathconstruct.code.tex 2023-01-15 v3.1.10 (3.1.10)
\pgf@path@lastx=\dimen170
\pgf@path@lasty=\dimen171
)
(C:\Users\Tenoch\AppData\Local\Programs\MiKTeX\tex/generic/pgf/basiclayer\pgfco
repathusage.code.tex
File: pgfcorepathusage.code.tex 2023-01-15 v3.1.10 (3.1.10)
\pgf@shorten@end@additional=\dimen172
\pgf@shorten@start@additional=\dimen173
)
(C:\Users\Tenoch\AppData\Local\Programs\MiKTeX\tex/generic/pgf/basiclayer\pgfco
rescopes.code.tex
File: pgfcorescopes.code.tex 2023-01-15 v3.1.10 (3.1.10)
\pgfpic=\box53
\pgf@hbox=\box54
\pgf@layerbox@main=\box55
\pgf@picture@serial@count=\count271
)
(C:\Users\Tenoch\AppData\Local\Programs\MiKTeX\tex/generic/pgf/basiclayer\pgfco
regraphicstate.code.tex
File: pgfcoregraphicstate.code.tex 2023-01-15 v3.1.10 (3.1.10)
\pgflinewidth=\dimen174
)
(C:\Users\Tenoch\AppData\Local\Programs\MiKTeX\tex/generic/pgf/basiclayer\pgfco
retransformations.code.tex
File: pgfcoretransformations.code.tex 2023-01-15 v3.1.10 (3.1.10)
\pgf@pt@x=\dimen175
\pgf@pt@y=\dimen176
\pgf@pt@temp=\dimen177
)
(C:\Users\Tenoch\AppData\Local\Programs\MiKTeX\tex/generic/pgf/basiclayer\pgfco
requick.code.tex
File: pgfcorequick.code.tex 2023-01-15 v3.1.10 (3.1.10)
)
(C:\Users\Tenoch\AppData\Local\Programs\MiKTeX\tex/generic/pgf/basiclayer\pgfco
reobjects.code.tex
File: pgfcoreobjects.code.tex 2023-01-15 v3.1.10 (3.1.10)
)
(C:\Users\Tenoch\AppData\Local\Programs\MiKTeX\tex/generic/pgf/basiclayer\pgfco
repathprocessing.code.tex
File: pgfcorepathprocessing.code.tex 2023-01-15 v3.1.10 (3.1.10)
)
(C:\Users\Tenoch\AppData\Local\Programs\MiKTeX\tex/generic/pgf/basiclayer\pgfco
rearrows.code.tex
File: pgfcorearrows.code.tex 2023-01-15 v3.1.10 (3.1.10)
\pgfarrowsep=\dimen178
)
(C:\Users\Tenoch\AppData\Local\Programs\MiKTeX\tex/generic/pgf/basiclayer\pgfco
reshade.code.tex
File: pgfcoreshade.code.tex 2023-01-15 v3.1.10 (3.1.10)
\pgf@max=\dimen179
\pgf@sys@shading@range@num=\count272
\pgf@shadingcount=\count273
)
(C:\Users\Tenoch\AppData\Local\Programs\MiKTeX\tex/generic/pgf/basiclayer\pgfco
reimage.code.tex
File: pgfcoreimage.code.tex 2023-01-15 v3.1.10 (3.1.10)
)
(C:\Users\Tenoch\AppData\Local\Programs\MiKTeX\tex/generic/pgf/basiclayer\pgfco
reexternal.code.tex
File: pgfcoreexternal.code.tex 2023-01-15 v3.1.10 (3.1.10)
\pgfexternal@startupbox=\box56
)
(C:\Users\Tenoch\AppData\Local\Programs\MiKTeX\tex/generic/pgf/basiclayer\pgfco
relayers.code.tex
File: pgfcorelayers.code.tex 2023-01-15 v3.1.10 (3.1.10)
)
(C:\Users\Tenoch\AppData\Local\Programs\MiKTeX\tex/generic/pgf/basiclayer\pgfco
retransparency.code.tex
File: pgfcoretransparency.code.tex 2023-01-15 v3.1.10 (3.1.10)
)
(C:\Users\Tenoch\AppData\Local\Programs\MiKTeX\tex/generic/pgf/basiclayer\pgfco
repatterns.code.tex
File: pgfcorepatterns.code.tex 2023-01-15 v3.1.10 (3.1.10)
)
(C:\Users\Tenoch\AppData\Local\Programs\MiKTeX\tex/generic/pgf/basiclayer\pgfco
rerdf.code.tex
File: pgfcorerdf.code.tex 2023-01-15 v3.1.10 (3.1.10)
)))
(C:\Users\Tenoch\AppData\Local\Programs\MiKTeX\tex/generic/pgf/modules\pgfmodul
eshapes.code.tex
File: pgfmoduleshapes.code.tex 2023-01-15 v3.1.10 (3.1.10)
\pgfnodeparttextbox=\box57
)
(C:\Users\Tenoch\AppData\Local\Programs\MiKTeX\tex/generic/pgf/modules\pgfmodul
eplot.code.tex
File: pgfmoduleplot.code.tex 2023-01-15 v3.1.10 (3.1.10)
)
(C:\Users\Tenoch\AppData\Local\Programs\MiKTeX\tex/latex/pgf/compatibility\pgfc
omp-version-0-65.sty
Package: pgfcomp-version-0-65 2023-01-15 v3.1.10 (3.1.10)
\pgf@nodesepstart=\dimen180
\pgf@nodesepend=\dimen181
)
(C:\Users\Tenoch\AppData\Local\Programs\MiKTeX\tex/latex/pgf/compatibility\pgfc
omp-version-1-18.sty
Package: pgfcomp-version-1-18 2023-01-15 v3.1.10 (3.1.10)
))
(C:\Users\Tenoch\AppData\Local\Programs\MiKTeX\tex/latex/pgf/utilities\pgffor.s
ty
(C:\Users\Tenoch\AppData\Local\Programs\MiKTeX\tex/latex/pgf/utilities\pgfkeys.
sty
(C:\Users\Tenoch\AppData\Local\Programs\MiKTeX\tex/generic/pgf/utilities\pgfkey
s.code.tex))
(C:\Users\Tenoch\AppData\Local\Programs\MiKTeX\tex/latex/pgf/math\pgfmath.sty
(C:\Users\Tenoch\AppData\Local\Programs\MiKTeX\tex/generic/pgf/math\pgfmath.cod
e.tex))
(C:\Users\Tenoch\AppData\Local\Programs\MiKTeX\tex/generic/pgf/utilities\pgffor
.code.tex
Package: pgffor 2023-01-15 v3.1.10 (3.1.10)
\pgffor@iter=\dimen182
\pgffor@skip=\dimen183
\pgffor@stack=\toks28
\pgffor@toks=\toks29
))
(C:\Users\Tenoch\AppData\Local\Programs\MiKTeX\tex/generic/pgf/frontendlayer/ti
kz\tikz.code.tex
Package: tikz 2023-01-15 v3.1.10 (3.1.10)

(C:\Users\Tenoch\AppData\Local\Programs\MiKTeX\tex/generic/pgf/libraries\pgflib
raryplothandlers.code.tex
File: pgflibraryplothandlers.code.tex 2023-01-15 v3.1.10 (3.1.10)
\pgf@plot@mark@count=\count274
\pgfplotmarksize=\dimen184
)
\tikz@lastx=\dimen185
\tikz@lasty=\dimen186
\tikz@lastxsaved=\dimen187
\tikz@lastysaved=\dimen188
\tikz@lastmovetox=\dimen189
\tikz@lastmovetoy=\dimen190
\tikzleveldistance=\dimen191
\tikzsiblingdistance=\dimen192
\tikz@figbox=\box58
\tikz@figbox@bg=\box59
\tikz@tempbox=\box60
\tikz@tempbox@bg=\box61
\tikztreelevel=\count275
\tikznumberofchildren=\count276
\tikznumberofcurrentchild=\count277
\tikz@fig@count=\count278

(C:\Users\Tenoch\AppData\Local\Programs\MiKTeX\tex/generic/pgf/modules\pgfmodul
ematrix.code.tex
File: pgfmodulematrix.code.tex 2023-01-15 v3.1.10 (3.1.10)
\pgfmatrixcurrentrow=\count279
\pgfmatrixcurrentcolumn=\count280
\pgf@matrix@numberofcolumns=\count281
)
\tikz@expandcount=\count282

(C:\Users\Tenoch\AppData\Local\Programs\MiKTeX\tex/generic/pgf/frontendlayer/ti
kz/libraries\tikzlibrarytopaths.code.tex
File: tikzlibrarytopaths.code.tex 2023-01-15 v3.1.10 (3.1.10)
)))
(C:\Users\Tenoch\AppData\Local\Programs\MiKTeX\tex/generic/pgfplots\pgfplots.co
de.tex
(C:\Users\Tenoch\AppData\Local\Programs\MiKTeX\tex/generic/pgfplots\pgfplotscor
e.code.tex
\t@pgfplots@toka=\toks30
\t@pgfplots@tokb=\toks31
\t@pgfplots@tokc=\toks32
\pgfplots@tmpa=\dimen193
\c@pgfplots@coordindex=\count283
\c@pgfplots@scanlineindex=\count284

(C:\Users\Tenoch\AppData\Local\Programs\MiKTeX\tex/generic/pgfplots/sys\pgfplot
ssysgeneric.code.tex))
(C:\Users\Tenoch\AppData\Local\Programs\MiKTeX\tex/generic/pgfplots/libs\pgfplo
tslibrary.code.tex)
(C:\Users\Tenoch\AppData\Local\Programs\MiKTeX\tex/generic/pgfplots/oldpgfcompa
tib\pgfplotsoldpgfsupp_loader.code.tex
(C:\Users\Tenoch\AppData\Local\Programs\MiKTeX\tex/generic/pgf/libraries\pgflib
raryfpu.code.tex)
Package pgfplots: loading complementary utilities for your pgf version...
\t@pgf@toka=\toks33
\t@pgf@tokb=\toks34
\t@pgf@tokc=\toks35

(C:\Users\Tenoch\AppData\Local\Programs\MiKTeX\tex/generic/pgfplots/oldpgfcompa
tib\pgfplotsoldpgfsupp_pgfutil-common-lists.tex))
(C:\Users\Tenoch\AppData\Local\Programs\MiKTeX\tex/generic/pgfplots/util\pgfplo
tsutil.code.tex
(C:\Users\Tenoch\AppData\Local\Programs\MiKTeX\tex/generic/pgfplots/liststructu
re\pgfplotsliststructure.code.tex)
(C:\Users\Tenoch\AppData\Local\Programs\MiKTeX\tex/generic/pgfplots/liststructu
re\pgfplotsliststructureext.code.tex)
(C:\Users\Tenoch\AppData\Local\Programs\MiKTeX\tex/generic/pgfplots/liststructu
re\pgfplotsarray.code.tex
\c@pgfplotsarray@tmp=\count285
)
(C:\Users\Tenoch\AppData\Local\Programs\MiKTeX\tex/generic/pgfplots/liststructu
re\pgfplotsmatrix.code.tex)
(C:\Users\Tenoch\AppData\Local\Programs\MiKTeX\tex/generic/pgfplots/numtable\pg
fplotstableshared.code.tex
\c@pgfplotstable@counta=\count286
\t@pgfplotstable@a=\toks36
)
(C:\Users\Tenoch\AppData\Local\Programs\MiKTeX\tex/generic/pgfplots/liststructu
re\pgfplotsdeque.code.tex)
(C:\Users\Tenoch\AppData\Local\Programs\MiKTeX\tex/generic/pgfplots/util\pgfplo
tsbinary.code.tex
(C:\Users\Tenoch\AppData\Local\Programs\MiKTeX\tex/generic/pgfplots/util\pgfplo
tsbinary.data.code.tex))
(C:\Users\Tenoch\AppData\Local\Programs\MiKTeX\tex/generic/pgfplots/util\pgfplo
tsutil.verb.code.tex)
(C:\Users\Tenoch\AppData\Local\Programs\MiKTeX\tex/generic/pgfplots/libs\pgflib
rarypgfplots.surfshading.code.tex
\c@pgfplotslibrarysurf@no=\count287

(C:\Users\Tenoch\AppData\Local\Programs\MiKTeX\tex/generic/pgfplots/sys\pgflibr
arypgfplots.surfshading.pgfsys-pdftex.def)))
(C:\Users\Tenoch\AppData\Local\Programs\MiKTeX\tex/generic/pgfplots/util\pgfplo
tscolormap.code.tex
(C:\Users\Tenoch\AppData\Local\Programs\MiKTeX\tex/generic/pgfplots/util\pgfplo
tscolor.code.tex))
(C:\Users\Tenoch\AppData\Local\Programs\MiKTeX\tex/generic/pgfplots\pgfplotssta
ckedplots.code.tex)
(C:\Users\Tenoch\AppData\Local\Programs\MiKTeX\tex/generic/pgfplots\pgfplotsplo
thandlers.code.tex
(C:\Users\Tenoch\AppData\Local\Programs\MiKTeX\tex/generic/pgfplots\pgfplotsmes
hplothandler.code.tex
(C:\Users\Tenoch\AppData\Local\Programs\MiKTeX\tex/generic/pgfplots\pgfplotsmes
hplotimage.code.tex)))
(C:\Users\Tenoch\AppData\Local\Programs\MiKTeX\tex/generic/pgfplots\pgfplots.sc
aling.code.tex)
(C:\Users\Tenoch\AppData\Local\Programs\MiKTeX\tex/generic/pgfplots\pgfplotscoo
rdprocessing.code.tex)
(C:\Users\Tenoch\AppData\Local\Programs\MiKTeX\tex/generic/pgfplots\pgfplots.er
rorbars.code.tex)
(C:\Users\Tenoch\AppData\Local\Programs\MiKTeX\tex/generic/pgfplots\pgfplots.ma
rkers.code.tex)
(C:\Users\Tenoch\AppData\Local\Programs\MiKTeX\tex/generic/pgfplots\pgfplotstic
ks.code.tex)
(C:\Users\Tenoch\AppData\Local\Programs\MiKTeX\tex/generic/pgfplots\pgfplots.pa
ths.code.tex)
(C:\Users\Tenoch\AppData\Local\Programs\MiKTeX\tex/generic/pgf/frontendlayer/ti
kz/libraries\tikzlibrarydecorations.code.tex
(C:\Users\Tenoch\AppData\Local\Programs\MiKTeX\tex/generic/pgf/modules\pgfmodul
edecorations.code.tex
\pgfdecoratedcompleteddistance=\dimen194
\pgfdecoratedremainingdistance=\dimen195
\pgfdecoratedinputsegmentcompleteddistance=\dimen196
\pgfdecoratedinputsegmentremainingdistance=\dimen197
\pgf@decorate@distancetomove=\dimen198
\pgf@decorate@repeatstate=\count288
\pgfdecorationsegmentamplitude=\dimen199
\pgfdecorationsegmentlength=\dimen256
)
\tikz@lib@dec@box=\box62
)
(C:\Users\Tenoch\AppData\Local\Programs\MiKTeX\tex/generic/pgf/frontendlayer/ti
kz/libraries\tikzlibrarydecorations.pathmorphing.code.tex
(C:\Users\Tenoch\AppData\Local\Programs\MiKTeX\tex/generic/pgf/libraries/decora
tions\pgflibrarydecorations.pathmorphing.code.tex))
(C:\Users\Tenoch\AppData\Local\Programs\MiKTeX\tex/generic/pgf/frontendlayer/ti
kz/libraries\tikzlibrarydecorations.pathreplacing.code.tex
(C:\Users\Tenoch\AppData\Local\Programs\MiKTeX\tex/generic/pgf/libraries/decora
tions\pgflibrarydecorations.pathreplacing.code.tex))
(C:\Users\Tenoch\AppData\Local\Programs\MiKTeX\tex/generic/pgfplots/libs\tikzli
brarypgfplots.contourlua.code.tex)
\pgfplots@numplots=\count289
\pgfplots@xmin@reg=\dimen257
\pgfplots@xmax@reg=\dimen258
\pgfplots@ymin@reg=\dimen259
\pgfplots@ymax@reg=\dimen260
\pgfplots@zmin@reg=\dimen261
\pgfplots@zmax@reg=\dimen262
)
(C:\Users\Tenoch\AppData\Local\Programs\MiKTeX\tex/generic/pgf/frontendlayer/ti
kz/libraries\tikzlibraryplotmarks.code.tex
File: tikzlibraryplotmarks.code.tex 2023-01-15 v3.1.10 (3.1.10)

(C:\Users\Tenoch\AppData\Local\Programs\MiKTeX\tex/generic/pgf/libraries\pgflib
raryplotmarks.code.tex
File: pgflibraryplotmarks.code.tex 2023-01-15 v3.1.10 (3.1.10)
)))
(C:\Users\Tenoch\AppData\Local\Programs\MiKTeX\tex/latex/base\ifthen.sty
Package: ifthen 2022/04/13 v1.1d Standard LaTeX ifthen package (DPC)
)
(C:\Users\Tenoch\AppData\Local\Programs\MiKTeX\tex/latex/base\inputenc.sty
Package: inputenc 2021/02/14 v1.3d Input encoding file
\inpenc@prehook=\toks37
\inpenc@posthook=\toks38
)
(C:\Users\Tenoch\AppData\Local\Programs\MiKTeX\tex/generic/babel\babel.sty
Package: babel 2024/01/07 v24.1 The Babel package
\babel@savecnt=\count290
\U@D=\dimen263
\l@unhyphenated=\language79

(C:\Users\Tenoch\AppData\Local\Programs\MiKTeX\tex/generic/babel\txtbabel.def)
\bbl@readstream=\read3
\bbl@dirlevel=\count291

*************************************
* Local config file bblopts.cfg used
*
(C:\Users\Tenoch\AppData\Local\Programs\MiKTeX\tex/latex/arabi\bblopts.cfg
File: bblopts.cfg 2005/09/08 v0.1 add Arabic and Farsi to "declared" options of
 babel
)
(C:\Users\Tenoch\AppData\Local\Programs\MiKTeX\tex/latex/babel-english\english.
ldf
Language: english 2017/06/06 v3.3r English support from the babel system
Package babel Info: Hyphen rules for 'canadian' set to \l@english
(babel)             (\language0). Reported on input line 102.
Package babel Info: Hyphen rules for 'australian' set to \l@ukenglish
(babel)             (\language73). Reported on input line 105.
Package babel Info: Hyphen rules for 'newzealand' set to \l@ukenglish
(babel)             (\language73). Reported on input line 108.
)
(C:\Users\Tenoch\AppData\Local\Programs\MiKTeX\tex/latex/babel-spanish\spanish.
ldf
Language: spanish.ldf 2021/05/27 v5.0q Spanish support from the babel system
\es@quottoks=\toks39
\es@quotdepth=\count292
Package babel Info: Making " an active character on input line 570.
Package babel Info: Making . an active character on input line 675.
Package babel Info: Making < an active character on input line 722.
Package babel Info: Making > an active character on input line 722.
))
(C:\Users\Tenoch\AppData\Local\Programs\MiKTeX\tex/generic/babel/locale/es\babe
l-spanish.tex
Package babel Info: Importing font and identification data for spanish
(babel)             from babel-es.ini. Reported on input line 11.
)
(C:\Users\Tenoch\AppData\Local\Programs\MiKTeX\tex/generic/babel/locale/en\babe
l-english.tex
Package babel Info: Importing font and identification data for english
(babel)             from babel-en.ini. Reported on input line 11.
)
(C:\Users\Tenoch\AppData\Local\Programs\MiKTeX\tex/latex/base\fontenc.sty
Package: fontenc 2021/04/29 v2.0v Standard LaTeX package
)
(C:\Users\Tenoch\AppData\Local\Programs\MiKTeX\tex/latex/geometry\geometry.sty
Package: geometry 2026/03/07 v6.0 Page Geometry

(C:\Users\Tenoch\AppData\Local\Programs\MiKTeX\tex/generic/iftex\ifvtex.sty
Package: ifvtex 2019/10/25 v1.7 ifvtex legacy package. Use iftex instead.

(C:\Users\Tenoch\AppData\Local\Programs\MiKTeX\tex/generic/iftex\iftex.sty
Package: iftex 2022/02/03 v1.0f TeX engine tests
))
\Gm@cnth=\count293
\Gm@cntv=\count294
\c@Gm@tempcnt=\count295
\Gm@bindingoffset=\dimen264
\Gm@wd@mp=\dimen265
\Gm@odd@mp=\dimen266
\Gm@even@mp=\dimen267
\Gm@layoutwidth=\dimen268
\Gm@layoutheight=\dimen269
\Gm@layouthoffset=\dimen270
\Gm@layoutvoffset=\dimen271
\Gm@dimlist=\toks40

(C:\Users\Tenoch\AppData\Local\Programs\MiKTeX\tex/latex/geometry\geometry.cfg)
) (C:\Users\Tenoch\AppData\Local\Programs\MiKTeX\tex/latex/tools\calc.sty
Package: calc 2023/07/08 v4.3 Infix arithmetic (KKT,FJ)
\calc@Acount=\count296
\calc@Bcount=\count297
\calc@Adimen=\dimen272
\calc@Bdimen=\dimen273
\calc@Askip=\skip50
\calc@Bskip=\skip51
LaTeX Info: Redefining \setlength on input line 80.
LaTeX Info: Redefining \addtolength on input line 81.
\calc@Ccount=\count298
\calc@Cskip=\skip52
)
(C:\Users\Tenoch\AppData\Local\Programs\MiKTeX\tex/latex/amsmath\amsmath.sty
Package: amsmath 2023/05/13 v2.17o AMS math features
\@mathmargin=\skip53

For additional information on amsmath, use the `?' option.
(C:\Users\Tenoch\AppData\Local\Programs\MiKTeX\tex/latex/amsmath\amstext.sty
Package: amstext 2021/08/26 v2.01 AMS text

(C:\Users\Tenoch\AppData\Local\Programs\MiKTeX\tex/latex/amsmath\amsgen.sty
File: amsgen.sty 1999/11/30 v2.0 generic functions
\@emptytoks=\toks41
\ex@=\dimen274
))
(C:\Users\Tenoch\AppData\Local\Programs\MiKTeX\tex/latex/amsmath\amsbsy.sty
Package: amsbsy 1999/11/29 v1.2d Bold Symbols
\pmbraise@=\dimen275
)
(C:\Users\Tenoch\AppData\Local\Programs\MiKTeX\tex/latex/amsmath\amsopn.sty
Package: amsopn 2022/04/08 v2.04 operator names
)
\inf@bad=\count299
LaTeX Info: Redefining \frac on input line 234.
\uproot@=\count300
\leftroot@=\count301
LaTeX Info: Redefining \overline on input line 399.
LaTeX Info: Redefining \colon on input line 410.
\classnum@=\count302
\DOTSCASE@=\count303
LaTeX Info: Redefining \ldots on input line 496.
LaTeX Info: Redefining \dots on input line 499.
LaTeX Info: Redefining \cdots on input line 620.
\Mathstrutbox@=\box63
\strutbox@=\box64
LaTeX Info: Redefining \big on input line 722.
LaTeX Info: Redefining \Big on input line 723.
LaTeX Info: Redefining \bigg on input line 724.
LaTeX Info: Redefining \Bigg on input line 725.
\big@size=\dimen276
LaTeX Font Info:    Redeclaring font encoding OML on input line 743.
LaTeX Font Info:    Redeclaring font encoding OMS on input line 744.
\macc@depth=\count304
LaTeX Info: Redefining \bmod on input line 905.
LaTeX Info: Redefining \pmod on input line 910.
LaTeX Info: Redefining \smash on input line 940.
LaTeX Info: Redefining \relbar on input line 970.
LaTeX Info: Redefining \Relbar on input line 971.
\c@MaxMatrixCols=\count305
\dotsspace@=\muskip16
\c@parentequation=\count306
\dspbrk@lvl=\count307
\tag@help=\toks42
\row@=\count308
\column@=\count309
\maxfields@=\count310
\andhelp@=\toks43
\eqnshift@=\dimen277
\alignsep@=\dimen278
\tagshift@=\dimen279
\tagwidth@=\dimen280
\totwidth@=\dimen281
\lineht@=\dimen282
\@envbody=\toks44
\multlinegap=\skip54
\multlinetaggap=\skip55
\mathdisplay@stack=\toks45
LaTeX Info: Redefining \[ on input line 2953.
LaTeX Info: Redefining \] on input line 2954.
)
(C:\Users\Tenoch\AppData\Local\Programs\MiKTeX\tex/latex/mathtools\mathtools.st
y
Package: mathtools 2024/10/04 v1.31 mathematical typesetting tools

(C:\Users\Tenoch\AppData\Local\Programs\MiKTeX\tex/latex/mathtools\mhsetup.sty
Package: mhsetup 2021/03/18 v1.4 programming setup (MH)
)
\g_MT_multlinerow_int=\count311
\l_MT_multwidth_dim=\dimen283
\origjot=\skip56
\l_MT_shortvdotswithinadjustabove_dim=\dimen284
\l_MT_shortvdotswithinadjustbelow_dim=\dimen285
\l_MT_above_intertext_sep=\dimen286
\l_MT_below_intertext_sep=\dimen287
\l_MT_above_shortintertext_sep=\dimen288
\l_MT_below_shortintertext_sep=\dimen289
\xmathstrut@box=\box65
\xmathstrut@dim=\dimen290
) (C:\Users\Tenoch\AppData\Local\Programs\MiKTeX\tex/latex/amsfonts\amssymb.sty
Package: amssymb 2013/01/14 v3.01 AMS font symbols
(C:\Users\Tenoch\AppData\Local\Programs\MiKTeX\tex/latex/amsfonts\amsfonts.sty
Package: amsfonts 2013/01/14 v3.01 Basic AMSFonts support
\symAMSa=\mathgroup4
\symAMSb=\mathgroup5
LaTeX Font Info:    Redeclaring math symbol \hbar on input line 98.
LaTeX Font Info:    Overwriting math alphabet `\mathfrak' in version `bold'
(Font)                  U/euf/m/n --> U/euf/b/n on input line 106.
)) (C:\Users\Tenoch\AppData\Local\Programs\MiKTeX\tex/latex/amscls\amsthm.sty
Package: amsthm 2020/05/29 v2.20.6
\thm@style=\toks46
\thm@bodyfont=\toks47
\thm@headfont=\toks48
\thm@notefont=\toks49
\thm@headpunct=\toks50
\thm@preskip=\skip57
\thm@postskip=\skip58
\thm@headsep=\skip59
\dth@everypar=\toks51
)
(C:\Users\Tenoch\AppData\Local\Programs\MiKTeX\tex/latex/thmtools\thmtools.sty
Package: thmtools 2023/05/04 v0.76
\thmt@toks=\toks52
\c@thmt@dummyctr=\count312

(C:\Users\Tenoch\AppData\Local\Programs\MiKTeX\tex/latex/thmtools\thm-patch.sty
Package: thm-patch 2023/05/04 v0.76

(C:\Users\Tenoch\AppData\Local\Programs\MiKTeX\tex/latex/thmtools\parseargs.sty
Package: parseargs 2023/05/04 v0.76
\@parsespec=\toks53
)) (C:\Users\Tenoch\AppData\Local\Programs\MiKTeX\tex/latex/thmtools\thm-kv.sty
Package: thm-kv 2023/05/04 v0.76
Package thm-kv Info: Theorem names will be uppercased on input line 42.

(C:\Users\Tenoch\AppData\Local\Programs\MiKTeX\tex/latex/kvsetkeys\kvsetkeys.st
y
Package: kvsetkeys 2022-10-05 v1.19 Key value parser (HO)
)
Package thm-kv Info: kvsetkeys patch (v1.16 or later) on input line 158.
)
(C:\Users\Tenoch\AppData\Local\Programs\MiKTeX\tex/latex/thmtools\thm-autoref.s
ty
Package: thm-autoref 2023/05/04 v0.76

(C:\Users\Tenoch\AppData\Local\Programs\MiKTeX\tex/latex/thmtools\aliasctr.sty
Package: aliasctr 2023/05/04 v0.76
))
(C:\Users\Tenoch\AppData\Local\Programs\MiKTeX\tex/latex/thmtools\thm-listof.st
y
Package: thm-listof 2023/05/04 v0.76
)
(C:\Users\Tenoch\AppData\Local\Programs\MiKTeX\tex/latex/thmtools\thm-restate.s
ty
Package: thm-restate 2023/05/04 v0.76
)
(C:\Users\Tenoch\AppData\Local\Programs\MiKTeX\tex/latex/thmtools\thm-amsthm.st
y
Package: thm-amsthm 2023/05/04 v0.76
\thmt@style@headstyle=\toks54
)) (C:\Users\Tenoch\AppData\Local\Programs\MiKTeX\tex/latex/xcolor\svgnam.def
File: svgnam.def 2023/11/15 v3.01 Predefined colors according to SVG 1.1 (UK)
) (C:\Users\Tenoch\AppData\Local\Programs\MiKTeX\tex/latex/setspace\setspace.st
y
Package: setspace 2022/12/04 v6.7b set line spacing
)
(C:\Users\Tenoch\AppData\Local\Programs\MiKTeX\tex/latex/enumitem\enumitem.sty
Package: enumitem 2025/02/06 v3.11 Customized lists
\labelindent=\skip60
\enit@outerparindent=\dimen291
\enit@toks=\toks55
\enit@inbox=\box66
\enit@count@id=\count313
\enitdp@description=\count314
) (C:\Users\Tenoch\AppData\Local\Programs\MiKTeX\tex/latex/float\float.sty
Package: float 2001/11/08 v1.3d Float enhancements (AL)
\c@float@type=\count315
\float@exts=\toks56
\float@box=\box67
\@float@everytoks=\toks57
\@floatcapt=\box68
)
(C:\Users\Tenoch\AppData\Local\Programs\MiKTeX\tex/latex/titling\titling.sty
Package: titling 2009/09/04 v2.1d maketitle typesetting
\thanksmarkwidth=\skip61
\thanksmargin=\skip62
\droptitle=\skip63
)
(C:\Users\Tenoch\AppData\Local\Programs\MiKTeX\tex/latex/titlesec\titlesec.sty
Package: titlesec 2025/01/04 v2.17 Sectioning titles
\ttl@box=\box69
\beforetitleunit=\skip64
\aftertitleunit=\skip65
\ttl@plus=\dimen292
\ttl@minus=\dimen293
\ttl@toksa=\toks58
\titlewidth=\dimen294
\titlewidthlast=\dimen295
\titlewidthfirst=\dimen296
) (C:\Users\Tenoch\AppData\Local\Programs\MiKTeX\tex/latex/eso-pic\eso-pic.sty
Package: eso-pic 2025/12/10 v3.0d eso-pic (RN)
\ESO@tempdima=\dimen297
\ESO@tempdimb=\dimen298
)
(C:\Users\Tenoch\AppData\Local\Programs\MiKTeX\tex/latex/transparent\transparen
t.sty
Package: transparent 2025-06-23 v1.6 Transparency with color stacks
)
(C:\Users\Tenoch\AppData\Local\Programs\MiKTeX\tex/latex/fancyhdr\extramarks.st
y
Package: extramarks 2025/02/07 v5.2 Extra marks for LaTeX
\c__mark_class_extramarks-left_mark=\marks4
\c__mark_class_extramarks-right_mark=\marks5
)
(C:\Users\Tenoch\AppData\Local\Programs\MiKTeX\tex/latex/fancyhdr\fancyhdr.sty
Package: fancyhdr 2025/02/07 v5.2 Extensive control of page headers and footers

\f@nch@headwidth=\skip66
\f@nch@offset@elh=\skip67
\f@nch@offset@erh=\skip68
\f@nch@offset@olh=\skip69
\f@nch@offset@orh=\skip70
\f@nch@offset@elf=\skip71
\f@nch@offset@erf=\skip72
\f@nch@offset@olf=\skip73
\f@nch@offset@orf=\skip74
\f@nch@height=\skip75
\f@nch@footalignment=\skip76
\f@nch@widthL=\skip77
\f@nch@widthC=\skip78
\f@nch@widthR=\skip79
\@temptokenb=\toks59
)
(C:\Users\Tenoch\AppData\Local\Programs\MiKTeX\tex/latex/doclicense\doclicense.
sty
Package: doclicense 2023/10/01 v3.3.0 Support for putting documents under a lic
ense

(C:\Users\Tenoch\AppData\Local\Programs\MiKTeX\tex/latex/kvoptions\kvoptions.st
y
Package: kvoptions 2022-06-15 v3.15 Key value format for package options (HO)

(C:\Users\Tenoch\AppData\Local\Programs\MiKTeX\tex/generic/ltxcmds\ltxcmds.sty
Package: ltxcmds 2023-12-04 v1.26 LaTeX kernel commands for general use (HO)
)) (C:\Users\Tenoch\AppData\Local\Programs\MiKTeX\tex/latex/xifthen\xifthen.sty
Package: xifthen 2015/11/05 v1.4.0 Extended ifthen features

(C:\Users\Tenoch\AppData\Local\Programs\MiKTeX\tex/latex/ifmtarg\ifmtarg.sty
Package: ifmtarg 2018/04/16 v1.2b check for an empty argument
))
(C:\Users\Tenoch\AppData\Local\Programs\MiKTeX\tex/latex/xstring\xstring.sty
(C:\Users\Tenoch\AppData\Local\Programs\MiKTeX\tex/generic/xstring\xstring.tex
\xs_counta=\count316
\xs_countb=\count317
)
Package: xstring 2023/08/22 v1.86 String manipulations (CT)
) (C:\Users\Tenoch\AppData\Local\Programs\MiKTeX\tex/latex/tools\xspace.sty
Package: xspace 2014/10/28 v1.13 Space after command names (DPC,MH)
)
(C:\Users\Tenoch\AppData\Local\Programs\MiKTeX\tex/latex/tools\verbatim.sty
Package: verbatim 2023-11-06 v1.5v LaTeX2e package for verbatim enhancements
\every@verbatim=\toks60
\verbatim@line=\toks61
\verbatim@in@stream=\read4
)
\doclicense@hsize=\skip80

(C:\Users\Tenoch\AppData\Local\Programs\MiKTeX\tex/latex/doclicense\doclicense-
spanish.ldf
File: doclicense-spanish.ldf 
))
(C:\Users\Tenoch\AppData\Local\Programs\MiKTeX\tex/latex/xpatch\xpatch.sty
(C:\Users\Tenoch\AppData\Local\Programs\MiKTeX\tex/latex/l3kernel\expl3.sty
Package: expl3 2024-01-04 L3 programming layer (loader) 

(C:\Users\Tenoch\AppData\Local\Programs\MiKTeX\tex/latex/l3backend\l3backend-pd
ftex.def
File: l3backend-pdftex.def 2024-01-04 L3 backend support: PDF output (pdfTeX)
\l__color_backend_stack_int=\count318
\l__pdf_internal_box=\box70
))
Package: xpatch 2020/03/25 v0.3a Extending etoolbox patching commands

(C:\Users\Tenoch\AppData\Local\Programs\MiKTeX\tex/latex/l3packages/xparse\xpar
se.sty
Package: xparse 2023-10-10 L3 Experimental document command parser
))
(C:\Users\Tenoch\AppData\Local\Programs\MiKTeX\tex/latex/graphics\rotating.sty
Package: rotating 2016/08/11 v2.16d rotated objects in LaTeX
\c@r@tfl@t=\count319
\rotFPtop=\skip81
\rotFPbot=\skip82
\rot@float@box=\box71
\rot@mess@toks=\toks62
) (C:\Users\Tenoch\AppData\Local\Programs\MiKTeX\tex/latex/fbox\fbox.sty
Package: fbox 2023/12/04 v. 0.07 allow parts of the frame (hv)

(C:\Users\Tenoch\AppData\Local\Programs\MiKTeX\tex/latex/xkeyval\xkeyval.sty
Package: xkeyval 2022/06/16 v2.9 package option processing (HA)

(C:\Users\Tenoch\AppData\Local\Programs\MiKTeX\tex/generic/xkeyval\xkeyval.tex
(C:\Users\Tenoch\AppData\Local\Programs\MiKTeX\tex/generic/xkeyval\xkvutils.tex
\XKV@toks=\toks63
\XKV@tempa@toks=\toks64
)
\XKV@depth=\count320
File: xkeyval.tex 2014/12/03 v2.7a key=value parser (HA)
))
\fbox@@rule=\skip83
\fbox@@sep=\skip84
\fbox@@linewidth=\skip85
\fpar@b@x=\box72
)
\c@theorem=\count321

Document Class: all-in-one 2015/11/05 Version v1.4.0 by Mario Vilar
(C:\Users\Tenoch\AppData\Local\Programs\MiKTeX\tex/latex/listings\listings.sty
\lst@mode=\count322
\lst@gtempboxa=\box73
\lst@token=\toks65
\lst@length=\count323
\lst@currlwidth=\dimen299
\lst@column=\count324
\lst@pos=\count325
\lst@lostspace=\dimen300
\lst@width=\dimen301
\lst@newlines=\count326
\lst@lineno=\count327
\lst@maxwidth=\dimen302

(C:\Users\Tenoch\AppData\Local\Programs\MiKTeX\tex/latex/listings\lstmisc.sty
File: lstmisc.sty 2023/02/27 1.9 (Carsten Heinz)
\c@lstnumber=\count328
\lst@skipnumbers=\count329
\lst@framebox=\box74
)
(C:\Users\Tenoch\AppData\Local\Programs\MiKTeX\tex/latex/listings\listings.cfg
File: listings.cfg 2023/02/27 1.9 listings configuration
))
Package: listings 2023/02/27 1.9 (Carsten Heinz)
)
(C:\Users\Tenoch\AppData\Local\Programs\MiKTeX\tex/latex/caption\subcaption.sty
Package: subcaption 2023/07/28 v1.6b Sub-captions (AR)
(C:\Users\Tenoch\AppData\Local\Programs\MiKTeX\tex/latex/caption\caption.sty
Package: caption 2023/08/05 v3.6o Customizing captions (AR)

(C:\Users\Tenoch\AppData\Local\Programs\MiKTeX\tex/latex/caption\caption3.sty
Package: caption3 2023/07/31 v2.4d caption3 kernel (AR)
\caption@tempdima=\dimen303
\captionmargin=\dimen304
\caption@leftmargin=\dimen305
\caption@rightmargin=\dimen306
\caption@width=\dimen307
\caption@indent=\dimen308
\caption@parindent=\dimen309
\caption@hangindent=\dimen310
Package caption Info: Standard document class detected.
)
\c@caption@flags=\count330
\c@continuedfloat=\count331
Package caption Info: float package is loaded.
Package caption Info: listings package is loaded.
Package caption Info: rotating package is loaded.
)
Package caption Info: New subtype `subfigure' on input line 238.
\c@subfigure=\count332
Package caption Info: New subtype `subtable' on input line 238.
\c@subtable=\count333
)
(C:\Users\Tenoch\AppData\Local\Programs\MiKTeX\tex/latex/booktabs\booktabs.sty
Package: booktabs 2020/01/12 v1.61803398 Publication quality tables
\heavyrulewidth=\dimen311
\lightrulewidth=\dimen312
\cmidrulewidth=\dimen313
\belowrulesep=\dimen314
\belowbottomsep=\dimen315
\aboverulesep=\dimen316
\abovetopsep=\dimen317
\cmidrulesep=\dimen318
\cmidrulekern=\dimen319
\defaultaddspace=\dimen320
\@cmidla=\count334
\@cmidlb=\count335
\@aboverulesep=\dimen321
\@belowrulesep=\dimen322
\@thisruleclass=\count336
\@lastruleclass=\count337
\@thisrulewidth=\dimen323
) (C:\Users\Tenoch\AppData\Local\Programs\MiKTeX\tex/latex/hyperref\hyperref.st
y
Package: hyperref 2023-11-26 v7.01g Hypertext links for LaTeX

(C:\Users\Tenoch\AppData\Local\Programs\MiKTeX\tex/generic/infwarerr\infwarerr.
sty
Package: infwarerr 2019/12/03 v1.5 Providing info/warning/error messages (HO)
)
(C:\Users\Tenoch\AppData\Local\Programs\MiKTeX\tex/generic/kvdefinekeys\kvdefin
ekeys.sty
Package: kvdefinekeys 2019-12-19 v1.6 Define keys (HO)
)
(C:\Users\Tenoch\AppData\Local\Programs\MiKTeX\tex/generic/pdfescape\pdfescape.
sty
Package: pdfescape 2019/12/09 v1.15 Implements pdfTeX's escape features (HO)

(C:\Users\Tenoch\AppData\Local\Programs\MiKTeX\tex/generic/pdftexcmds\pdftexcmd
s.sty
Package: pdftexcmds 2020-06-27 v0.33 Utility functions of pdfTeX for LuaTeX (HO
)
Package pdftexcmds Info: \pdf@primitive is available.
Package pdftexcmds Info: \pdf@ifprimitive is available.
Package pdftexcmds Info: \pdfdraftmode found.
))
(C:\Users\Tenoch\AppData\Local\Programs\MiKTeX\tex/latex/hycolor\hycolor.sty
Package: hycolor 2020-01-27 v1.10 Color options for hyperref/bookmark (HO)
)
(C:\Users\Tenoch\AppData\Local\Programs\MiKTeX\tex/latex/letltxmacro\letltxmacr
o.sty
Package: letltxmacro 2019/12/03 v1.6 Let assignment for LaTeX macros (HO)
)
(C:\Users\Tenoch\AppData\Local\Programs\MiKTeX\tex/latex/auxhook\auxhook.sty
Package: auxhook 2019-12-17 v1.6 Hooks for auxiliary files (HO)
)
(C:\Users\Tenoch\AppData\Local\Programs\MiKTeX\tex/latex/hyperref\nameref.sty
Package: nameref 2023-11-26 v2.56 Cross-referencing by name of section

(C:\Users\Tenoch\AppData\Local\Programs\MiKTeX\tex/latex/refcount\refcount.sty
Package: refcount 2019/12/15 v3.6 Data extraction from label references (HO)
)
(C:\Users\Tenoch\AppData\Local\Programs\MiKTeX\tex/generic/gettitlestring\getti
tlestring.sty
Package: gettitlestring 2019/12/15 v1.6 Cleanup title references (HO)
)
\c@section@level=\count338
)
\@linkdim=\dimen324
\Hy@linkcounter=\count339
\Hy@pagecounter=\count340

(C:\Users\Tenoch\AppData\Local\Programs\MiKTeX\tex/latex/hyperref\pd1enc.def
File: pd1enc.def 2023-11-26 v7.01g Hyperref: PDFDocEncoding definition (HO)
Now handling font encoding PD1 ...
... no UTF-8 mapping file for font encoding PD1
)
(C:\Users\Tenoch\AppData\Local\Programs\MiKTeX\tex/generic/intcalc\intcalc.sty
Package: intcalc 2019/12/15 v1.3 Expandable calculations with integers (HO)
)
\Hy@SavedSpaceFactor=\count341
(C:\Users\Tenoch\AppData\Local\Programs\MiKTeX\tex/latex/hyperref\puenc.def
File: puenc.def 2023-11-26 v7.01g Hyperref: PDF Unicode definition (HO)
Now handling font encoding PU ...
... no UTF-8 mapping file for font encoding PU
)
Package hyperref Info: Hyper figures OFF on input line 4181.
Package hyperref Info: Link nesting OFF on input line 4186.
Package hyperref Info: Hyper index ON on input line 4189.
Package hyperref Info: Plain pages OFF on input line 4196.
Package hyperref Info: Backreferencing OFF on input line 4201.
Package hyperref Info: Implicit mode ON; LaTeX internals redefined.
Package hyperref Info: Bookmarks ON on input line 4448.
\c@Hy@tempcnt=\count342

(C:\Users\Tenoch\AppData\Local\Programs\MiKTeX\tex/latex/url\url.sty
\Urlmuskip=\muskip17
Package: url 2013/09/16  ver 3.4  Verb mode for urls, etc.
)
LaTeX Info: Redefining \url on input line 4786.
\XeTeXLinkMargin=\dimen325

(C:\Users\Tenoch\AppData\Local\Programs\MiKTeX\tex/generic/bitset\bitset.sty
Package: bitset 2019/12/09 v1.3 Handle bit-vector datatype (HO)

(C:\Users\Tenoch\AppData\Local\Programs\MiKTeX\tex/generic/bigintcalc\bigintcal
c.sty
Package: bigintcalc 2019/12/15 v1.5 Expandable calculations on big integers (HO
)
))
\Fld@menulength=\count343
\Field@Width=\dimen326
\Fld@charsize=\dimen327
Package hyperref Info: Hyper figures OFF on input line 6065.
Package hyperref Info: Link nesting OFF on input line 6070.
Package hyperref Info: Hyper index ON on input line 6073.
Package hyperref Info: backreferencing OFF on input line 6080.
Package hyperref Info: Link coloring OFF on input line 6085.
Package hyperref Info: Link coloring with OCG OFF on input line 6090.
Package hyperref Info: PDF/A mode OFF on input line 6095.

(C:\Users\Tenoch\AppData\Local\Programs\MiKTeX\tex/latex/base\atbegshi-ltx.sty
Package: atbegshi-ltx 2021/01/10 v1.0c Emulation of the original atbegshi
package with kernel methods
)
\Hy@abspage=\count344
\c@Item=\count345
\c@Hfootnote=\count346
)
Package hyperref Info: Driver (autodetected): hpdftex.
 (C:\Users\Tenoch\AppData\Local\Programs\MiKTeX\tex/latex/hyperref\hpdftex.def
File: hpdftex.def 2023-11-26 v7.01g Hyperref driver for pdfTeX

(C:\Users\Tenoch\AppData\Local\Programs\MiKTeX\tex/latex/base\atveryend-ltx.sty
Package: atveryend-ltx 2020/08/19 v1.0a Emulation of the original atveryend pac
kage
with kernel methods
)
\Fld@listcount=\count347
\c@bookmark@seq@number=\count348

(C:\Users\Tenoch\AppData\Local\Programs\MiKTeX\tex/latex/rerunfilecheck\rerunfi
lecheck.sty
Package: rerunfilecheck 2025-06-21 v1.11 Rerun checks for auxiliary files (HO)

(C:\Users\Tenoch\AppData\Local\Programs\MiKTeX\tex/generic/uniquecounter\unique
counter.sty
Package: uniquecounter 2019/12/15 v1.4 Provide unlimited unique counter (HO)
)
Package uniquecounter Info: New unique counter `rerunfilecheck' on input line 2
84.
)
\Hy@SectionHShift=\skip86
)
(C:\Users\Tenoch\AppData\Local\Programs\MiKTeX\tex/latex/wrapfig\wrapfig.sty
\wrapoverhang=\dimen328
\WF@size=\dimen329
\c@WF@wrappedlines=\count349
\WF@box=\box75
\WF@everypar=\toks66
Package: wrapfig 2003/01/31  v 3.6
)
(C:\Users\Tenoch\AppData\Local\Programs\MiKTeX\tex/latex/circuitikz\circuitikz.
sty
Package: circuitikz 2026/02/04{} The CircuiTikz circuit drawing package version
 1.8.5

(C:\Users\Tenoch\AppData\Local\Programs\MiKTeX\tex/generic/pgf/frontendlayer/ti
kz/libraries\tikzlibrarycalc.code.tex
File: tikzlibrarycalc.code.tex 2023-01-15 v3.1.10 (3.1.10)
)
(C:\Users\Tenoch\AppData\Local\Programs\MiKTeX\tex/generic/pgf/libraries\pgflib
raryarrows.meta.code.tex
File: pgflibraryarrows.meta.code.tex 2023-01-15 v3.1.10 (3.1.10)
\pgfarrowinset=\dimen330
\pgfarrowlength=\dimen331
\pgfarrowwidth=\dimen332
\pgfarrowlinewidth=\dimen333
)
(C:\Users\Tenoch\AppData\Local\Programs\MiKTeX\tex/generic/pgf/frontendlayer/ti
kz/libraries\tikzlibrarybending.code.tex
File: tikzlibrarybending.code.tex 2023-01-15 v3.1.10 (3.1.10)

(C:\Users\Tenoch\AppData\Local\Programs\MiKTeX\tex/generic/pgf/modules\pgfmodul
ebending.code.tex
File: pgfmodulebending.code.tex 2023-01-15 v3.1.10 (3.1.10)

(C:\Users\Tenoch\AppData\Local\Programs\MiKTeX\tex/generic/pgf/modules\pgfmodul
enonlineartransformations.code.tex
File: pgfmodulenonlineartransformations.code.tex 2023-01-15 v3.1.10 (3.1.10)
\pgftransformnonlinearflatness=\dimen334
)
(C:\Users\Tenoch\AppData\Local\Programs\MiKTeX\tex/generic/pgf/libraries\pgflib
rarycurvilinear.code.tex
File: pgflibrarycurvilinear.code.tex 2023-01-15 v3.1.10 (3.1.10)
\pgf@curvilinear@time@a=\dimen335
\pgf@curvilinear@length@a=\dimen336
\pgf@curvilinear@length@b=\dimen337
\pgf@curvilinear@length@c=\dimen338
\pgf@curvilinear@length@d=\dimen339
)
\pgf@arrows@the@rigidity=\dimen340
))
(C:\Users\Tenoch\AppData\Local\Programs\MiKTeX\tex/generic/pgf/frontendlayer/ti
kz/libraries\tikzlibraryfpu.code.tex)
(C:\Users\Tenoch\AppData\Local\Programs\MiKTeX\tex/generic/circuitikz\pgfcirc.d
efines.tex
\pgf@circ@count@a=\count350
\pgf@circ@count@b=\count351
\pgf@circ@count@c=\count352
\pgf@circ@res@up=\dimen341
\pgf@circ@res@down=\dimen342
\pgf@circ@res@zero=\dimen343
\pgf@circ@res@left=\dimen344
\pgf@circ@res@right=\dimen345
\pgf@circ@res@other=\dimen346
\pgf@circ@res@step=\dimen347
\pgf@circ@res@temp=\dimen348
\pgf@circ@Rlen=\dimen349
\pgf@circ@scaled@Rlen=\dimen350
\pgfstartlinewidth=\dimen351
)
(C:\Users\Tenoch\AppData\Local\Programs\MiKTeX\tex/generic/circuitikz\pgfcircut
ils.tex
\ctikz@scratchbox=\box76
)
(C:\Users\Tenoch\AppData\Local\Programs\MiKTeX\tex/generic/circuitikz\pgfcircpa
th.tex
\ctikz@vif@count=\count353
)
(C:\Users\Tenoch\AppData\Local\Programs\MiKTeX\tex/generic/circuitikz\pgfcircsh
apes.tex)
(C:\Users\Tenoch\AppData\Local\Programs\MiKTeX\tex/generic/circuitikz\pgfcircmo
nopoles.tex)
(C:\Users\Tenoch\AppData\Local\Programs\MiKTeX\tex/generic/circuitikz\pgfcircbi
poles.tex)
(C:\Users\Tenoch\AppData\Local\Programs\MiKTeX\tex/generic/circuitikz\pgfcirctr
ipoles.tex
\pgf@circ@res@count=\count354
)
(C:\Users\Tenoch\AppData\Local\Programs\MiKTeX\tex/generic/circuitikz\pgfcircqu
adpoles.tex)
(C:\Users\Tenoch\AppData\Local\Programs\MiKTeX\tex/generic/circuitikz\pgfcircmu
ltipoles.tex)
(C:\Users\Tenoch\AppData\Local\Programs\MiKTeX\tex/generic/circuitikz\pgfcircla
bel.tex)
(C:\Users\Tenoch\AppData\Local\Programs\MiKTeX\tex/generic/circuitikz\pgfcircvo
ltage.tex
\pgfcirc@labelshift=\dimen352
)
(C:\Users\Tenoch\AppData\Local\Programs\MiKTeX\tex/generic/circuitikz\pgfcirccu
rrent.tex)
(C:\Users\Tenoch\AppData\Local\Programs\MiKTeX\tex/generic/circuitikz\pgfcircfl
ow.tex))
Package hyperref Info: Option `colorlinks' set `true' on input line 43.
 (preamble.tex
(C:\Users\Tenoch\AppData\Local\Programs\MiKTeX\tex/latex/csquotes\csquotes.sty
Package: csquotes 2024-04-04 v5.2o context-sensitive quotations (JAW)
\csq@reset=\count355
\csq@gtype=\count356
\csq@glevel=\count357
\csq@qlevel=\count358
\csq@maxlvl=\count359
\csq@tshold=\count360
\csq@ltx@everypar=\toks67

(C:\Users\Tenoch\AppData\Local\Programs\MiKTeX\tex/latex/csquotes\csquotes.def
File: csquotes.def 2024-04-04 v5.2o csquotes generic definitions (JAW)
)
Package csquotes Info: Trying to load configuration file 'csquotes.cfg'...
Package csquotes Info: ... configuration file loaded successfully.
(C:\Users\Tenoch\AppData\Local\Programs\MiKTeX\tex/latex/csquotes\csquotes.cfg
File: csquotes.cfg 
)
Package csquotes Info: Disabling multilingual quotes.
Package csquotes Info: Redefining alias 'default' -> 'spanish'.
)
(C:\Users\Tenoch\AppData\Local\Programs\MiKTeX\tex/latex/biblatex\biblatex.sty
Package: biblatex 2023/03/05 v3.19 programmable bibliographies (PK/MW)

(C:\Users\Tenoch\AppData\Local\Programs\MiKTeX\tex/latex/logreq\logreq.sty
Package: logreq 2010/08/04 v1.0 xml request logger
\lrq@indent=\count361

(C:\Users\Tenoch\AppData\Local\Programs\MiKTeX\tex/latex/logreq\logreq.def
File: logreq.def 2010/08/04 v1.0 logreq spec v1.0
))
\c@tabx@nest=\count362
\c@listtotal=\count363
\c@listcount=\count364
\c@liststart=\count365
\c@liststop=\count366
\c@citecount=\count367
\c@citetotal=\count368
\c@multicitecount=\count369
\c@multicitetotal=\count370
\c@instcount=\count371
\c@maxnames=\count372
\c@minnames=\count373
\c@maxitems=\count374
\c@minitems=\count375
\c@citecounter=\count376
\c@maxcitecounter=\count377
\c@savedcitecounter=\count378
\c@uniquelist=\count379
\c@uniquename=\count380
\c@refsection=\count381
\c@refsegment=\count382
\c@maxextratitle=\count383
\c@maxextratitleyear=\count384
\c@maxextraname=\count385
\c@maxextradate=\count386
\c@maxextraalpha=\count387
\c@abbrvpenalty=\count388
\c@highnamepenalty=\count389
\c@lownamepenalty=\count390
\c@maxparens=\count391
\c@parenlevel=\count392
\blx@tempcnta=\count393
\blx@tempcntb=\count394
\blx@tempcntc=\count395
\c@blx@maxsection=\count396
\blx@maxsegment@0=\count397
\blx@notetype=\count398
\blx@parenlevel@text=\count399
\blx@parenlevel@foot=\count400
\blx@sectionciteorder@0=\count401
\blx@sectionciteorderinternal@0=\count402
\blx@entrysetcounter=\count403
\blx@biblioinstance=\count404
\labelnumberwidth=\skip87
\labelalphawidth=\skip88
\biblabelsep=\skip89
\bibitemsep=\skip90
\bibnamesep=\skip91
\bibinitsep=\skip92
\bibparsep=\skip93
\bibhang=\skip94
\blx@bcfin=\read5
\blx@bcfout=\write4
\blx@langwohyphens=\language80
\c@mincomprange=\count405
\c@maxcomprange=\count406
\c@mincompwidth=\count407
Package biblatex Info: Trying to load biblatex default data model...
Package biblatex Info: ... file 'blx-dm.def' found.

(C:\Users\Tenoch\AppData\Local\Programs\MiKTeX\tex/latex/biblatex\blx-dm.def
File: blx-dm.def 2023/03/05 v3.19 biblatex localization (PK/MW)
)
Package biblatex Info: Trying to load biblatex style data model...
Package biblatex Info: ... file 'ieee.dbx' not found.
Package biblatex Info: Trying to load biblatex custom data model...
Package biblatex Info: ... file 'biblatex-dm.cfg' not found.
\c@afterword=\count408
\c@savedafterword=\count409
\c@annotator=\count410
\c@savedannotator=\count411
\c@author=\count412
\c@savedauthor=\count413
\c@bookauthor=\count414
\c@savedbookauthor=\count415
\c@commentator=\count416
\c@savedcommentator=\count417
\c@editor=\count418
\c@savededitor=\count419
\c@editora=\count420
\c@savededitora=\count421
\c@editorb=\count422
\c@savededitorb=\count423
\c@editorc=\count424
\c@savededitorc=\count425
\c@foreword=\count426
\c@savedforeword=\count427
\c@holder=\count428
\c@savedholder=\count429
\c@introduction=\count430
\c@savedintroduction=\count431
\c@namea=\count432
\c@savednamea=\count433
\c@nameb=\count434
\c@savednameb=\count435
\c@namec=\count436
\c@savednamec=\count437
\c@translator=\count438
\c@savedtranslator=\count439
\c@shortauthor=\count440
\c@savedshortauthor=\count441
\c@shorteditor=\count442
\c@savedshorteditor=\count443
\c@labelname=\count444
\c@savedlabelname=\count445
\c@institution=\count446
\c@savedinstitution=\count447
\c@lista=\count448
\c@savedlista=\count449
\c@listb=\count450
\c@savedlistb=\count451
\c@listc=\count452
\c@savedlistc=\count453
\c@listd=\count454
\c@savedlistd=\count455
\c@liste=\count456
\c@savedliste=\count457
\c@listf=\count458
\c@savedlistf=\count459
\c@location=\count460
\c@savedlocation=\count461
\c@organization=\count462
\c@savedorganization=\count463
\c@origlocation=\count464
\c@savedoriglocation=\count465
\c@origpublisher=\count466
\c@savedorigpublisher=\count467
\c@publisher=\count468
\c@savedpublisher=\count469
\c@language=\count470
\c@savedlanguage=\count471
\c@origlanguage=\count472
\c@savedoriglanguage=\count473
\c@pageref=\count474
\c@savedpageref=\count475
\shorthandwidth=\skip95
\shortjournalwidth=\skip96
\shortserieswidth=\skip97
\shorttitlewidth=\skip98
\shortauthorwidth=\skip99
\shorteditorwidth=\skip100
\locallabelnumberwidth=\skip101
\locallabelalphawidth=\skip102
\localshorthandwidth=\skip103
\localshortjournalwidth=\skip104
\localshortserieswidth=\skip105
\localshorttitlewidth=\skip106
\localshortauthorwidth=\skip107
\localshorteditorwidth=\skip108
Package biblatex Info: Trying to load compatibility code...
Package biblatex Info: ... file 'blx-compat.def' found.

(C:\Users\Tenoch\AppData\Local\Programs\MiKTeX\tex/latex/biblatex\blx-compat.de
f
File: blx-compat.def 2023/03/05 v3.19 biblatex compatibility (PK/MW)
)
Package biblatex Info: Trying to load generic definitions...
Package biblatex Info: ... file 'biblatex.def' found.

(C:\Users\Tenoch\AppData\Local\Programs\MiKTeX\tex/latex/biblatex\biblatex.def
File: biblatex.def 2023/03/05 v3.19 biblatex compatibility (PK/MW)
\c@textcitecount=\count476
\c@textcitetotal=\count477
\c@textcitemaxnames=\count478
\c@biburlbigbreakpenalty=\count479
\c@biburlbreakpenalty=\count480
\c@biburlnumpenalty=\count481
\c@biburlucpenalty=\count482
\c@biburllcpenalty=\count483
\biburlbigskip=\muskip18
\biburlnumskip=\muskip19
\biburlucskip=\muskip20
\biburllcskip=\muskip21
\c@smartand=\count484
)
Package biblatex Info: Trying to load bibliography style 'ieee'...
Package biblatex Info: ... file 'ieee.bbx' found.

(C:\Users\Tenoch\AppData\Local\Programs\MiKTeX\tex/latex/biblatex-ieee\ieee.bbx
File: ieee.bbx 2025-08-01 v1.4f biblatex bibliography style
Package biblatex Info: Trying to load bibliography style 'numeric-comp'...
Package biblatex Info: ... file 'numeric-comp.bbx' found.

(C:\Users\Tenoch\AppData\Local\Programs\MiKTeX\tex/latex/biblatex/bbx\numeric-c
omp.bbx
File: numeric-comp.bbx 2023/03/05 v3.19 biblatex bibliography style (PK/MW)
Package biblatex Info: Trying to load bibliography style 'numeric'...
Package biblatex Info: ... file 'numeric.bbx' found.

(C:\Users\Tenoch\AppData\Local\Programs\MiKTeX\tex/latex/biblatex/bbx\numeric.b
bx
File: numeric.bbx 2023/03/05 v3.19 biblatex bibliography style (PK/MW)
Package biblatex Info: Trying to load bibliography style 'standard'...
Package biblatex Info: ... file 'standard.bbx' found.

(C:\Users\Tenoch\AppData\Local\Programs\MiKTeX\tex/latex/biblatex/bbx\standard.
bbx
File: standard.bbx 2023/03/05 v3.19 biblatex bibliography style (PK/MW)
\c@bbx:relatedcount=\count485
\c@bbx:relatedtotal=\count486
))))
Package biblatex Info: Trying to load citation style 'numeric'...
Package biblatex Info: ... file 'numeric.cbx' found.

(C:\Users\Tenoch\AppData\Local\Programs\MiKTeX\tex/latex/biblatex/cbx\numeric.c
bx
File: numeric.cbx 2023/03/05 v3.19 biblatex citation style (PK/MW)
Package biblatex Info: Redefining '\cite'.
Package biblatex Info: Redefining '\parencite'.
Package biblatex Info: Redefining '\footcite'.
Package biblatex Info: Redefining '\footcitetext'.
Package biblatex Info: Redefining '\smartcite'.
Package biblatex Info: Redefining '\supercite'.
Package biblatex Info: Redefining '\textcite'.
Package biblatex Info: Redefining '\textcites'.
Package biblatex Info: Redefining '\cites'.
Package biblatex Info: Redefining '\parencites'.
Package biblatex Info: Redefining '\smartcites'.
)
Package biblatex Info: Trying to load configuration file...
Package biblatex Info: ... file 'biblatex.cfg' found.

(C:\Users\Tenoch\AppData\Local\Programs\MiKTeX\tex/latex/biblatex\biblatex.cfg
File: biblatex.cfg 
)
Package biblatex Info: Input encoding 'utf8' detected.
Package biblatex Info: Document encoding is UTF8 ....
Package biblatex Info: ... and expl3
(biblatex)             2024-01-04 L3 programming layer (loader) 
(biblatex)             is new enough (at least 2020/04/06),
(biblatex)             setting 'casechanger=expl3'.

(C:\Users\Tenoch\AppData\Local\Programs\MiKTeX\tex/latex/biblatex\blx-case-expl
3.sty
Package: blx-case-expl3 2023/03/05 v3.19 expl3 case changing code for biblatex
))
Package hyperref Info: Option `pdfmenubar' set `true' on input line 30.
Package hyperref Info: Option `pdftoolbar' set `true' on input line 30.
Package hyperref Info: Option `bookmarksopen' set `false' on input line 30.
)
(C:\Users\Tenoch\AppData\Local\Programs\MiKTeX\tex/latex/colortbl\colortbl.sty
Package: colortbl 2024/10/29 v1.0k Color table columns (DPC)

(C:\Users\Tenoch\AppData\Local\Programs\MiKTeX\tex/latex/tools\array.sty
Package: array 2023/10/16 v2.5g Tabular extension package (FMi)
\col@sep=\dimen353
\ar@mcellbox=\box77
\extrarowheight=\dimen354
\NC@list=\toks68
\extratabsurround=\skip109
\backup@length=\skip110
\ar@cellbox=\box78
)
\everycr=\toks69
\minrowclearance=\skip111
\rownum=\count487
)
(C:\Users\Tenoch\AppData\Local\Programs\MiKTeX\tex/latex/gensymb\gensymb.sty
Package: gensymb 2022/10/17 v1.0.2 (KJH)
)
(C:\Users\Tenoch\AppData\Local\Programs\MiKTeX\tex/latex/lipsum\lipsum.sty
(C:\Users\Tenoch\AppData\Local\Programs\MiKTeX\tex/latex/l3packages/l3keys2e\l3
keys2e.sty
Package: l3keys2e 2023-10-10 LaTeX2e option processing using LaTeX3 keys
)
Package: lipsum 2021-09-20 v2.7 150 paragraphs of Lorem Ipsum dummy text
\g__lipsum_par_int=\count488
\l__lipsum_a_int=\count489
\l__lipsum_b_int=\count490

(C:\Users\Tenoch\AppData\Local\Programs\MiKTeX\tex/latex/lipsum\lipsum.ltd.tex)
)
(C:\Users\Tenoch\AppData\Local\Programs\MiKTeX\tex/latex/listings\lstlang1.sty
File: lstlang1.sty 2023/02/27 1.9 listings language file
)
\myspace=\skip112
(C:\Users\Tenoch\AppData\Local\Programs\MiKTeX\tex/latex/ccicons\ccicons.sty
Package: ccicons 2017/10/30 v1.6 LaTeX support for Creative Commons icons
)
(main.aux
LaTeX Info: Redefining \. on input line 13.
LaTeX Info: Redefining \% on input line 13.


LaTeX Warning: Label `fig:step_k2_open' multiply defined.

)
\openout1 = `main.aux'.

LaTeX Font Info:    Checking defaults for OML/cmm/m/it on input line 96.
LaTeX Font Info:    ... okay on input line 96.
LaTeX Font Info:    Checking defaults for OMS/cmsy/m/n on input line 96.
LaTeX Font Info:    ... okay on input line 96.
LaTeX Font Info:    Checking defaults for OT1/cmr/m/n on input line 96.
LaTeX Font Info:    ... okay on input line 96.
LaTeX Font Info:    Checking defaults for T1/cmr/m/n on input line 96.
LaTeX Font Info:    ... okay on input line 96.
LaTeX Font Info:    Checking defaults for TS1/cmr/m/n on input line 96.
LaTeX Font Info:    ... okay on input line 96.
LaTeX Font Info:    Checking defaults for OMX/cmex/m/n on input line 96.
LaTeX Font Info:    ... okay on input line 96.
LaTeX Font Info:    Checking defaults for U/cmr/m/n on input line 96.
LaTeX Font Info:    ... okay on input line 96.
LaTeX Font Info:    Checking defaults for PD1/pdf/m/n on input line 96.
LaTeX Font Info:    ... okay on input line 96.
LaTeX Font Info:    Checking defaults for PU/pdf/m/n on input line 96.
LaTeX Font Info:    ... okay on input line 96.

(C:\Users\Tenoch\AppData\Local\Programs\MiKTeX\tex/context/base/mkii\supp-pdf.m
kii
[Loading MPS to PDF converter (version 2006.09.02).]
\scratchcounter=\count491
\scratchdimen=\dimen355
\scratchbox=\box79
\nofMPsegments=\count492
\nofMParguments=\count493
\everyMPshowfont=\toks70
\MPscratchCnt=\count494
\MPscratchDim=\dimen356
\MPnumerator=\count495
\makeMPintoPDFobject=\count496
\everyMPtoPDFconversion=\toks71
)
(C:\Users\Tenoch\AppData\Local\Programs\MiKTeX\tex/latex/epstopdf-pkg\epstopdf-
base.sty
Package: epstopdf-base 2020-01-24 v2.11 Base part for package epstopdf
Package epstopdf-base Info: Redefining graphics rule for `.eps' on input line 4
85.

(C:\Users\Tenoch\AppData\Local\Programs\MiKTeX\tex/latex/00miktex\epstopdf-sys.
cfg
File: epstopdf-sys.cfg 2021/03/18 v2.0 Configuration of epstopdf for MiKTeX
))
Package pgfplots notification 'compat/show suggested version=true': document ha
s been generated with the most recent feature set (\pgfplotsset{compat=1.18}).

LaTeX Info: Redefining \. on input line 96.
LaTeX Info: Redefining \% on input line 96.
*geometry* driver: auto-detecting
*geometry* detected driver: pdftex
*geometry* verbose mode - [ preamble ] result:
* driver: pdftex
* paper: a4paper
* layout: <same size as paper>
* layoutoffset:(h,v)=(0.0pt,0.0pt)
* modes: twoside 
* h-part:(L,W,R)=(54.34477pt, 488.81833pt, 54.34477pt)
* v-part:(T,H,B)=(72.26997pt, 700.5069pt, 72.26997pt)
* \paperwidth=597.50787pt
* \paperheight=845.04684pt
* \textwidth=488.81833pt
* \textheight=674.7208pt
* \oddsidemargin=-17.92522pt
* \evensidemargin=-17.92522pt
* \topmargin=-37.00002pt
* \headheight=15.0pt
* \headsep=36.74713pt
* \topskip=12.0pt
* \footskip=41.74713pt
* \marginparwidth=85.0pt
* \marginparsep=10.0pt
* \columnsep=10.0pt
* \skip\footins=10.8pt plus 4.0pt minus 2.0pt
* \hoffset=0.0pt
* \voffset=0.0pt
* \mag=1000
* \@twocolumnfalse
* \@twosidetrue
* \@mparswitchtrue
* \@reversemarginfalse
* (1in=72.27pt=25.4mm, 1cm=28.453pt)

! Undefined control sequence.
\__hook begindocument ... } \fi \IfPackageLoadedT 
                                                  {multicol}{\IfPackageAtLea...
l.96 \begin{document}
                     
The control sequence at the end of the top line
of your error message was never \def'ed. If you have
misspelled it (e.g., `\hobx'), type `I' and the correct
spelling (e.g., `I\hbox'). Otherwise just continue,
and I'll forget about whatever was undefined.

! Undefined control sequence.
\__hook begindocument ...icol}{\IfPackageAtLeastF 
                                                  {multicol}{2024-11-21}{\Pa...
l.96 \begin{document}
                     
The control sequence at the end of the top line
of your error message was never \def'ed. If you have
misspelled it (e.g., `\hobx'), type `I' and the correct
spelling (e.g., `I\hbox'). Otherwise just continue,
and I'll forget about whatever was undefined.


Package extramarks Warning: You are using package `extramarks' with a version
(extramarks)                of `multicol' that is too old. The new version
(extramarks)                of `multicol' will be released on June 1, 2025.
(extramarks)                We will fallback to extramarks version 4 now..


(C:\Users\Tenoch\AppData\Local\Programs\MiKTeX\tex/latex/fancyhdr\extramarks-v4
.sty

LaTeX Warning: You have requested package `extramarks-v4',
               but the package provides `extramarks'.

Package: extramarks 2024/11/30 v4.5 Legacy version of extramarks for LaTeX
LaTeX Info: Redefining \markboth on input line 36.
)
\c@lstlisting=\count497
Package caption Info: Begin \AtBeginDocument code.
Package caption Info: hyperref package is loaded.
Package caption Info: wrapfig package is loaded.
Package caption Info: End \AtBeginDocument code.
Package hyperref Info: Link coloring OFF on input line 96.
 (main.out) (main.out)
\@outlinefile=\write5
\openout5 = `main.out'.

Package biblatex Info: Trying to load language 'spanish'...
Package biblatex Info: ... file 'spanish.lbx' found.

(C:\Users\Tenoch\AppData\Local\Programs\MiKTeX\tex/latex/biblatex/lbx\spanish.l
bx
File: spanish.lbx 2023/03/05 v3.19 biblatex localization (PK/MW)
)
Package biblatex Info: Trying to load language 'english'...
Package biblatex Info: ... file 'english.lbx' found.

(C:\Users\Tenoch\AppData\Local\Programs\MiKTeX\tex/latex/biblatex/lbx\english.l
bx
File: english.lbx 2023/03/05 v3.19 biblatex localization (PK/MW)
)
Package biblatex Info: Input encoding 'utf8' detected.
Package biblatex Info: Automatic encoding selection.
(biblatex)             Assuming data encoding 'utf8'.
\openout4 = `main.bcf'.

Package biblatex Info: Trying to load bibliographic data...


Package biblatex Warning: File 'main.bbl' is wrong format version - expected 3.
2.

Package biblatex Info: ... file 'main.bbl' found.
(main.bbl)
Package biblatex Info: Reference section=0 on input line 96.
Package biblatex Info: Reference segment=0 on input line 96.
LaTeX Info: Redefining \celsius on input line 96.
Package gensymb Info: Faking symbols for \degree and \celsius on input line 96.



Package gensymb Warning: Not defining \perthousand.

LaTeX Info: Redefining \ohm on input line 96.
Package gensymb Info: Using \Omega for \ohm on input line 96.

Package gensymb Warning: Not defining \micro.

<Imagenes/logo.png, id=62, 564.1878pt x 277.035pt>
File: Imagenes/logo.png Graphic file (type png)
<use Imagenes/logo.png>
Package pdftex.def Info: Imagenes/logo.png  used on input line 108.
(pdftex.def)             Requested size: 46.98853pt x 23.0721pt.
[1

{C:/Users/Tenoch/AppData/Local/MiKTeX/fonts/map/pdftex/pdftex.map} <./Imagenes/
logo.png>]
LaTeX Font Info:    Trying to load font information for U+msa on input line 110
.

(C:\Users\Tenoch\AppData\Local\Programs\MiKTeX\tex/latex/amsfonts\umsa.fd
File: umsa.fd 2013/01/14 v3.01 AMS symbols A
)
LaTeX Font Info:    Trying to load font information for U+msb on input line 110
.

(C:\Users\Tenoch\AppData\Local\Programs\MiKTeX\tex/latex/amsfonts\umsb.fd
File: umsb.fd 2013/01/14 v3.01 AMS symbols B
)
<Imagenes/titlepage.png, id=74, 170.13562pt x 220.57407pt>
File: Imagenes/titlepage.png Graphic file (type png)
<use Imagenes/titlepage.png>
Package pdftex.def Info: Imagenes/titlepage.png  used on input line 111.
(pdftex.def)             Requested size: 117.47131pt x 152.29723pt.

pdfTeX warning (ext4): destination with the same identifier (name{page.1}) has 
been already used, duplicate ignored
<to be read again> 
                   \relax 
l.115 \end{titlepage}
                      [1 <./Imagenes/titlepage.png>]

LaTeX Font Warning: Font shape `T1/cmr/m/scit' undefined
(Font)              using `T1/cmr/m/scsl' instead on input line 119.

(main.toc
LaTeX Info: Redefining \sptext on input line 1.
LaTeX Info: Redefining \. on input line 1.
LaTeX Info: Redefining \% on input line 1.
)
\tf@toc=\write6
\openout6 = `main.toc'.

 [2] (Secciones/1_Introduccion.tex

LaTeX Font Warning: Font shape `T1/cmr/m/scit' undefined
(Font)              using `T1/cmr/m/scsl' instead on input line 1.


LaTeX Font Warning: Font shape `T1/cmr/m/scit' undefined
(Font)              using `T1/cmr/m/scsl' instead on input line 3.


LaTeX Font Warning: Font shape `T1/cmr/m/scit' undefined
(Font)              using `T1/cmr/m/scsl' instead on input line 6.

)
File: Imagenes/logo.png Graphic file (type png)
<use Imagenes/logo.png>
Package pdftex.def Info: Imagenes/logo.png  used on input line 125.
(pdftex.def)             Requested size: 46.98853pt x 23.0721pt.
 [3] (Secciones/2_Sistema_a_lazo_abierto.tex

LaTeX Font Warning: Font shape `T1/cmr/m/scit' undefined
(Font)              using `T1/cmr/m/scsl' instead on input line 1.

<Imagenes/2_Analisis_lazo_abierto/representacion.pdf, id=111, 2087.8pt x 915.42
pt>
File: Imagenes/2_Analisis_lazo_abierto/representacion.pdf Graphic file (type pd
f)
<use Imagenes/2_Analisis_lazo_abierto/representacion.pdf>
Package pdftex.def Info: Imagenes/2_Analisis_lazo_abierto/representacion.pdf  u
sed on input line 7.
(pdftex.def)             Requested size: 488.81833pt x 214.32755pt.


pdfTeX warning: pdflatex.exe (file ./Imagenes/2_Analisis_lazo_abierto/Lazo abie
rto.drawio (1).pdf): PDF inclusion: found PDF version <1.7>, but at most versio
n <1.5> allowed
<Imagenes/2_Analisis_lazo_abierto/Lazo abierto.drawio (1).pdf, id=112, 639.3485
6pt x 45.2892pt>
File: Imagenes/2_Analisis_lazo_abierto/Lazo abierto.drawio (1).pdf Graphic file
 (type pdf)
<use Imagenes/2_Analisis_lazo_abierto/Lazo abierto.drawio (1).pdf>
Package pdftex.def Info: Imagenes/2_Analisis_lazo_abierto/Lazo abierto.drawio (
1).pdf  used on input line 18.
(pdftex.def)             Requested size: 488.81833pt x 34.62607pt.
File: Imagenes/logo.png Graphic file (type png)
<use Imagenes/logo.png>
Package pdftex.def Info: Imagenes/logo.png  used on input line 43.
(pdftex.def)             Requested size: 46.98853pt x 23.0721pt.
[4 <./Imagenes/2_Analisis_lazo_abierto/representacion.pdf> <./Imagenes/2_Analis
is_lazo_abierto/Lazo abierto.drawio (1).pdf>])
File: Imagenes/logo.png Graphic file (type png)
<use Imagenes/logo.png>
Package pdftex.def Info: Imagenes/logo.png  used on input line 127.
(pdftex.def)             Requested size: 46.98853pt x 23.0721pt.
 [5]
(Secciones/3_Realimentacion_lineal.tex

LaTeX Font Warning: Font shape `T1/cmr/m/scit' undefined
(Font)              using `T1/cmr/m/scsl' instead on input line 1.

File: Imagenes/logo.png Graphic file (type png)
<use Imagenes/logo.png>
Package pdftex.def Info: Imagenes/logo.png  used on input line 57.
(pdftex.def)             Requested size: 46.98853pt x 23.0721pt.
[6]

pdfTeX warning: pdflatex.exe (file ./Imagenes/2_Analisis_lazo_abierto/lazo cerr
ado.drawio.pdf): PDF inclusion: found PDF version <1.7>, but at most version <1
.5> allowed
<Imagenes/2_Analisis_lazo_abierto/lazo cerrado.drawio.pdf, id=169, 553.10638pt 
x 246.9225pt>
File: Imagenes/2_Analisis_lazo_abierto/lazo cerrado.drawio.pdf Graphic file (ty
pe pdf)
<use Imagenes/2_Analisis_lazo_abierto/lazo cerrado.drawio.pdf>
Package pdftex.def Info: Imagenes/2_Analisis_lazo_abierto/lazo cerrado.drawio.p
df  used on input line 67.
(pdftex.def)             Requested size: 488.81833pt x 218.22685pt.
File: Imagenes/logo.png Graphic file (type png)
<use Imagenes/logo.png>
Package pdftex.def Info: Imagenes/logo.png  used on input line 83.
(pdftex.def)             Requested size: 46.98853pt x 23.0721pt.
[7 <./Imagenes/2_Analisis_lazo_abierto/lazo cerrado.drawio.pdf>]

LaTeX Font Warning: Font shape `T1/cmr/m/scit' undefined
(Font)              using `T1/cmr/m/scsl' instead on input line 92.

)
File: Imagenes/logo.png Graphic file (type png)
<use Imagenes/logo.png>
Package pdftex.def Info: Imagenes/logo.png  used on input line 129.
(pdftex.def)             Requested size: 46.98853pt x 23.0721pt.
 [8] (Secciones/4_Comparación-Resultados.tex

LaTeX Font Warning: Font shape `T1/cmr/m/scit' undefined
(Font)              using `T1/cmr/m/scsl' instead on input line 1.


LaTeX Font Warning: Font shape `T1/cmr/m/scit' undefined
(Font)              using `T1/cmr/m/scsl' instead on input line 3.


Overfull \hbox (6.27493pt too wide) in paragraph at lines 8--15
 [][] 
 []

<Imagenes/4_Comparacion-Resultados/1_Lazo-Cerrado.png, id=207, 723.4227pt x 379
.4175pt>
File: Imagenes/4_Comparacion-Resultados/1_Lazo-Cerrado.png Graphic file (type p
ng)
<use Imagenes/4_Comparacion-Resultados/1_Lazo-Cerrado.png>
Package pdftex.def Info: Imagenes/4_Comparacion-Resultados/1_Lazo-Cerrado.png  
used on input line 21.
(pdftex.def)             Requested size: 391.05615pt x 205.10239pt.
File: Imagenes/logo.png Graphic file (type png)
<use Imagenes/logo.png>
Package pdftex.def Info: Imagenes/logo.png  used on input line 27.
(pdftex.def)             Requested size: 46.98853pt x 23.0721pt.
[9 <./Imagenes/4_Comparacion-Resultados/1_Lazo-Cerrado.png>]

LaTeX Font Warning: Font shape `T1/cmr/m/scit' undefined
(Font)              using `T1/cmr/m/scsl' instead on input line 28.

<Imagenes/4_Comparacion-Resultados/3_Fase-Completo.png, id=216, 507.3354pt x 49
0.7133pt>
File: Imagenes/4_Comparacion-Resultados/3_Fase-Completo.png Graphic file (type 
png)
<use Imagenes/4_Comparacion-Resultados/3_Fase-Completo.png>
Package pdftex.def Info: Imagenes/4_Comparacion-Resultados/3_Fase-Completo.png 
 used on input line 34.
(pdftex.def)             Requested size: 293.29398pt x 283.69292pt.
)
File: Imagenes/logo.png Graphic file (type png)
<use Imagenes/logo.png>
Package pdftex.def Info: Imagenes/logo.png  used on input line 131.
(pdftex.def)             Requested size: 46.98853pt x 23.0721pt.
 [10 <./Imagenes/4_Comparacion-Resultados/3_Fase-Completo.png>]
(Secciones/5_Analisis_Retro-Int.tex

LaTeX Font Warning: Font shape `T1/cmr/m/scit' undefined
(Font)              using `T1/cmr/m/scsl' instead on input line 1.


LaTeX Font Warning: Font shape `T1/cmr/m/scit' undefined
(Font)              using `T1/cmr/m/scsl' instead on input line 3.



pdfTeX warning: pdflatex.exe (file ./Imagenes/5_Analisis_Retro-Int/lazo_cerrado
-2.pdf): PDF inclusion: found PDF version <1.7>, but at most version <1.5> allo
wed
<Imagenes/5_Analisis_Retro-Int/lazo_cerrado-2.pdf, id=223, 537.00626pt x 190.71
25pt>
File: Imagenes/5_Analisis_Retro-Int/lazo_cerrado-2.pdf Graphic file (type pdf)
<use Imagenes/5_Analisis_Retro-Int/lazo_cerrado-2.pdf>
Package pdftex.def Info: Imagenes/5_Analisis_Retro-Int/lazo_cerrado-2.pdf  used
 on input line 23.
(pdftex.def)             Requested size: 439.9335pt x 156.23683pt.
File: Imagenes/logo.png Graphic file (type png)
<use Imagenes/logo.png>
Package pdftex.def Info: Imagenes/logo.png  used on input line 27.
(pdftex.def)             Requested size: 46.98853pt x 23.0721pt.
[11 <./Imagenes/5_Analisis_Retro-Int/lazo_cerrado-2.pdf>]

LaTeX Font Warning: Font shape `T1/cmr/m/scit' undefined
(Font)              using `T1/cmr/m/scsl' instead on input line 28.

<Imagenes/5_Analisis_Retro-Int/2_Lazo-Abierto.png, id=253, 729.927pt x 379.4175
pt>
File: Imagenes/5_Analisis_Retro-Int/2_Lazo-Abierto.png Graphic file (type png)
<use Imagenes/5_Analisis_Retro-Int/2_Lazo-Abierto.png>
Package pdftex.def Info: Imagenes/5_Analisis_Retro-Int/2_Lazo-Abierto.png  used
 on input line 35.
(pdftex.def)             Requested size: 439.9335pt x 228.68277pt.
File: Imagenes/logo.png Graphic file (type png)
<use Imagenes/logo.png>
Package pdftex.def Info: Imagenes/logo.png  used on input line 41.
(pdftex.def)             Requested size: 46.98853pt x 23.0721pt.
[12 <./Imagenes/5_Analisis_Retro-Int/2_Lazo-Abierto.png>]

LaTeX Font Warning: Font shape `T1/cmr/m/scit' undefined
(Font)              using `T1/cmr/m/scsl' instead on input line 42.

<Imagenes/5_Analisis_Retro-Int/4_Fase-Abierto.png, id=262, 507.3354pt x 490.713
3pt>
File: Imagenes/5_Analisis_Retro-Int/4_Fase-Abierto.png Graphic file (type png)
<use Imagenes/5_Analisis_Retro-Int/4_Fase-Abierto.png>
Package pdftex.def Info: Imagenes/5_Analisis_Retro-Int/4_Fase-Abierto.png  used
 on input line 49.
(pdftex.def)             Requested size: 342.17133pt x 330.9701pt.
)
File: Imagenes/logo.png Graphic file (type png)
<use Imagenes/logo.png>
Package pdftex.def Info: Imagenes/logo.png  used on input line 133.
(pdftex.def)             Requested size: 46.98853pt x 23.0721pt.
 [13 <./Imagenes/5_Analisis_Retro-Int/4_Fase-Abierto.png>]
(Secciones/6_Justificacion_Ctrl-Int.tex

LaTeX Font Warning: Font shape `T1/cmr/m/scit' undefined
(Font)              using `T1/cmr/m/scsl' instead on input line 1.

)
File: Imagenes/logo.png Graphic file (type png)
<use Imagenes/logo.png>
Package pdftex.def Info: Imagenes/logo.png  used on input line 144.
(pdftex.def)             Requested size: 46.98853pt x 23.0721pt.
 [14]

LaTeX Warning: Empty bibliography on input line 146.

(main.aux
LaTeX Info: Redefining \sptext on input line 13.
LaTeX Info: Redefining \. on input line 13.
LaTeX Info: Redefining \% on input line 13.
)
 ***********
LaTeX2e <2023-11-01> patch level 1
L3 programming layer <2020/03/25>
 ***********


LaTeX Warning: There were undefined references.


LaTeX Warning: There were multiply-defined labels.

Package rerunfilecheck Info: File `main.out' has not changed.
(rerunfilecheck)             Checksum: 8CC89E95151FD235A6804AF45838EFEF;3053.

Package biblatex Warning: Please (re)run Biber on the file:
(biblatex)                main
(biblatex)                and rerun LaTeX afterwards.

Package logreq Info: Writing requests to 'main.run.xml'.
\openout1 = `main.run.xml'.

 ) 
Here is how much of TeX's memory you used:
 66111 strings out of 474485
 1608648 string characters out of 5743262
 2870447 words of memory out of 5000000
 87471 multiletter control sequences out of 15000+600000
 583320 words of font info for 96 fonts, out of 8000000 for 9000
 1141 hyphenation exceptions out of 8191
 114i,20n,131p,769b,1931s stack positions out of 10000i,1000n,20000p,200000b,200000s
 <C:\Users\Tenoch\AppData\Local\MiKTeX\fonts/pk/ljfour/jknappen/ec/dpi600\ecr
m0800.pk> <C:\Users\Tenoch\AppData\Local\MiKTeX\fonts/pk/ljfour/jknappen/ec/dpi
600\ecti1000.pk> <C:\Users\Tenoch\AppData\Local\MiKTeX\fonts/pk/ljfour/jknappen
/ec/dpi600\ecbx1000.pk> <C:\Users\Tenoch\AppData\Local\MiKTeX\fonts/pk/ljfour/j
knappen/ec/dpi600\tcrm1200.pk> <C:\Users\Tenoch\AppData\Local\MiKTeX\fonts/pk/l
jfour/jknappen/ec/dpi600\ecsc1200.pk> <C:\Users\Tenoch\AppData\Local\MiKTeX\fon
ts/pk/ljfour/jknappen/ec/dpi600\ecsc1095.pk> <C:\Users\Tenoch\AppData\Local\MiK
TeX\fonts/pk/ljfour/jknappen/ec/dpi600\ecti1200.pk> <C:\Users\Tenoch\AppData\Lo
cal\MiKTeX\fonts/pk/ljfour/jknappen/ec/dpi600\eccc1200.pk> <C:\Users\Tenoch\App
Data\Local\MiKTeX\fonts/pk/ljfour/jknappen/ec/dpi600\ecbx1200.pk> <C:\Users\Ten
och\AppData\Local\MiKTeX\fonts/pk/ljfour/jknappen/ec/dpi600\ecxc1728.pk> <C:\Us
ers\Tenoch\AppData\Local\MiKTeX\fonts/pk/ljfour/jknappen/ec/dpi600\ecrm1440.pk>
 <C:\Users\Tenoch\AppData\Local\MiKTeX\fonts/pk/ljfour/jknappen/ec/dpi600\eccc2
488.pk> <C:\Users\Tenoch\AppData\Local\MiKTeX\fonts/pk/ljfour/jknappen/ec/dpi60
0\ecti1440.pk> <C:\Users\Tenoch\AppData\Local\MiKTeX\fonts/pk/ljfour/jknappen/e
c/dpi600\ecrm1000.pk> <C:\Users\Tenoch\AppData\Local\MiKTeX\fonts/pk/ljfour/jkn
appen/ec/dpi600\eccc1000.pk> <C:\Users\Tenoch\AppData\Local\MiKTeX\fonts/pk/ljf
our/jknappen/ec/dpi600\ecrm1200.pk><C:/Users/Tenoch/AppData/Local/Programs/MiKT
eX/fonts/type1/public/amsfonts/cm/cmbx12.pfb><C:/Users/Tenoch/AppData/Local/Pro
grams/MiKTeX/fonts/type1/public/amsfonts/cm/cmex10.pfb><C:/Users/Tenoch/AppData
/Local/Programs/MiKTeX/fonts/type1/public/amsfonts/cm/cmmi10.pfb><C:/Users/Teno
ch/AppData/Local/Programs/MiKTeX/fonts/type1/public/amsfonts/cm/cmmi12.pfb><C:/
Users/Tenoch/AppData/Local/Programs/MiKTeX/fonts/type1/public/amsfonts/cm/cmmi6
.pfb><C:/Users/Tenoch/AppData/Local/Programs/MiKTeX/fonts/type1/public/amsfonts
/cm/cmmi8.pfb><C:/Users/Tenoch/AppData/Local/Programs/MiKTeX/fonts/type1/public
/amsfonts/cm/cmr12.pfb><C:/Users/Tenoch/AppData/Local/Programs/MiKTeX/fonts/typ
e1/public/amsfonts/cm/cmr6.pfb><C:/Users/Tenoch/AppData/Local/Programs/MiKTeX/f
onts/type1/public/amsfonts/cm/cmr7.pfb><C:/Users/Tenoch/AppData/Local/Programs/
MiKTeX/fonts/type1/public/amsfonts/cm/cmr8.pfb><C:/Users/Tenoch/AppData/Local/P
rograms/MiKTeX/fonts/type1/public/amsfonts/cm/cmsy10.pfb><C:/Users/Tenoch/AppDa
ta/Local/Programs/MiKTeX/fonts/type1/public/amsfonts/cm/cmsy6.pfb><C:/Users/Ten
och/AppData/Local/Programs/MiKTeX/fonts/type1/public/amsfonts/cm/cmsy8.pfb><C:/
Users/Tenoch/AppData/Local/Programs/MiKTeX/fonts/type1/public/amsfonts/symbols/
msbm10.pfb>
Output written on main.pdf (15 pages, 961471 bytes).
PDF statistics:
 708 PDF objects out of 1000 (max. 8388607)
 54 named destinations out of 1000 (max. 500000)
 175 words of extra memory for PDF output out of 10000 (max. 10000000)

